{"/home/piesp/projects/wasm-motion-converter/src/sw-register.ts": {"path":"/home/piesp/projects/wasm-motion-converter/src/sw-register.ts","statementMap":{"0":{"start":{"line":9,"column":16},"end":{"line":9,"column":null}},"1":{"start":{"line":16,"column":39},"end":{"line":16,"column":null}},"2":{"start":{"line":18,"column":2},"end":{"line":20,"column":null}},"3":{"start":{"line":19,"column":4},"end":{"line":19,"column":null}},"4":{"start":{"line":23,"column":2},"end":{"line":26,"column":null}},"5":{"start":{"line":24,"column":4},"end":{"line":24,"column":null}},"6":{"start":{"line":25,"column":4},"end":{"line":25,"column":null}},"7":{"start":{"line":28,"column":2},"end":{"line":74,"column":null}},"8":{"start":{"line":29,"column":25},"end":{"line":31,"column":null}},"9":{"start":{"line":33,"column":4},"end":{"line":33,"column":null}},"10":{"start":{"line":36,"column":28},"end":{"line":36,"column":null}},"11":{"start":{"line":39,"column":4},"end":{"line":53,"column":null}},"12":{"start":{"line":40,"column":24},"end":{"line":40,"column":null}},"13":{"start":{"line":41,"column":6},"end":{"line":41,"column":null}},"14":{"start":{"line":41,"column":22},"end":{"line":41,"column":null}},"15":{"start":{"line":43,"column":6},"end":{"line":52,"column":null}},"16":{"start":{"line":44,"column":8},"end":{"line":51,"column":null}},"17":{"start":{"line":45,"column":10},"end":{"line":50,"column":null}},"18":{"start":{"line":46,"column":12},"end":{"line":46,"column":null}},"19":{"start":{"line":47,"column":12},"end":{"line":47,"column":null}},"20":{"start":{"line":49,"column":12},"end":{"line":49,"column":null}},"21":{"start":{"line":56,"column":10},"end":{"line":60,"column":null}},"22":{"start":{"line":57,"column":6},"end":{"line":59,"column":null}},"23":{"start":{"line":58,"column":8},"end":{"line":58,"column":null}},"24":{"start":{"line":61,"column":4},"end":{"line":61,"column":null}},"25":{"start":{"line":63,"column":10},"end":{"line":65,"column":null}},"26":{"start":{"line":64,"column":6},"end":{"line":64,"column":null}},"27":{"start":{"line":68,"column":4},"end":{"line":68,"column":null}},"28":{"start":{"line":70,"column":4},"end":{"line":70,"column":null}},"29":{"start":{"line":72,"column":4},"end":{"line":72,"column":null}},"30":{"start":{"line":73,"column":4},"end":{"line":73,"column":null}},"31":{"start":{"line":80,"column":24},"end":{"line":80,"column":null}},"32":{"start":{"line":81,"column":2},"end":{"line":81,"column":null}},"33":{"start":{"line":81,"column":47},"end":{"line":81,"column":63}},"34":{"start":{"line":82,"column":2},"end":{"line":82,"column":null}}},"fnMap":{"0":{"name":"registerServiceWorker","decl":{"start":{"line":13,"column":22},"end":{"line":13,"column":null}},"loc":{"start":{"line":15,"column":32},"end":{"line":75,"column":null}},"line":15},"1":{"name":"(anonymous_1)","decl":{"start":{"line":39,"column":34},"end":{"line":39,"column":55}},"loc":{"start":{"line":39,"column":55},"end":{"line":53,"column":5}},"line":39},"2":{"name":"(anonymous_2)","decl":{"start":{"line":43,"column":33},"end":{"line":43,"column":54}},"loc":{"start":{"line":43,"column":54},"end":{"line":52,"column":7}},"line":43},"3":{"name":"(anonymous_3)","decl":{"start":{"line":56,"column":10},"end":{"line":56,"column":35}},"loc":{"start":{"line":56,"column":35},"end":{"line":60,"column":null}},"line":56},"4":{"name":"(anonymous_4)","decl":{"start":{"line":58,"column":30},"end":{"line":58,"column":42}},"loc":{"start":{"line":58,"column":42},"end":{"line":58,"column":44}},"line":58},"5":{"name":"(anonymous_5)","decl":{"start":{"line":63,"column":10},"end":{"line":63,"column":32}},"loc":{"start":{"line":63,"column":32},"end":{"line":65,"column":null}},"line":63},"6":{"name":"unregisterAll","decl":{"start":{"line":79,"column":15},"end":{"line":79,"column":46}},"loc":{"start":{"line":79,"column":46},"end":{"line":83,"column":null}},"line":79},"7":{"name":"(anonymous_7)","decl":{"start":{"line":81,"column":34},"end":{"line":81,"column":39}},"loc":{"start":{"line":81,"column":47},"end":{"line":81,"column":63}},"line":81}},"branchMap":{"0":{"loc":{"start":{"line":14,"column":2},"end":{"line":14,"column":null}},"type":"default-arg","locations":[{"start":{"line":14,"column":31},"end":{"line":14,"column":null}}],"line":14},"1":{"loc":{"start":{"line":18,"column":2},"end":{"line":20,"column":null}},"type":"if","locations":[{"start":{"line":18,"column":2},"end":{"line":20,"column":null}},{"start":{},"end":{}}],"line":18},"2":{"loc":{"start":{"line":23,"column":2},"end":{"line":26,"column":null}},"type":"if","locations":[{"start":{"line":23,"column":2},"end":{"line":26,"column":null}},{"start":{},"end":{}}],"line":23},"3":{"loc":{"start":{"line":41,"column":6},"end":{"line":41,"column":null}},"type":"if","locations":[{"start":{"line":41,"column":6},"end":{"line":41,"column":null}},{"start":{},"end":{}}],"line":41},"4":{"loc":{"start":{"line":44,"column":8},"end":{"line":51,"column":null}},"type":"if","locations":[{"start":{"line":44,"column":8},"end":{"line":51,"column":null}},{"start":{},"end":{}}],"line":44},"5":{"loc":{"start":{"line":45,"column":10},"end":{"line":50,"column":null}},"type":"if","locations":[{"start":{"line":45,"column":10},"end":{"line":50,"column":null}},{"start":{"line":48,"column":17},"end":{"line":50,"column":null}}],"line":45},"6":{"loc":{"start":{"line":57,"column":6},"end":{"line":59,"column":null}},"type":"if","locations":[{"start":{"line":57,"column":6},"end":{"line":59,"column":null}},{"start":{},"end":{}}],"line":57}},"s":{"0":13,"1":13,"2":13,"3":1,"4":12,"5":0,"6":0,"7":12,"8":12,"9":11,"10":11,"11":11,"12":0,"13":0,"14":0,"15":0,"16":0,"17":0,"18":0,"19":0,"20":0,"21":11,"22":28,"23":20,"24":11,"25":11,"26":3,"27":11,"28":11,"29":1,"30":1,"31":0,"32":0,"33":0,"34":0},"f":{"0":13,"1":0,"2":0,"3":28,"4":0,"5":3,"6":0,"7":0},"b":{"0":[13],"1":[1,12],"2":[0,12],"3":[0,0],"4":[0,0],"5":[0,0],"6":[20,8]},"meta":{"lastBranch":7,"lastFunction":8,"lastStatement":35,"seen":{"s:9:16:9:Infinity":0,"f:13:22:13:Infinity":0,"b:14:31:14:Infinity":0,"s:16:39:16:Infinity":1,"b:18:2:20:Infinity:undefined:undefined:undefined:undefined":1,"s:18:2:20:Infinity":2,"s:19:4:19:Infinity":3,"b:23:2:26:Infinity:undefined:undefined:undefined:undefined":2,"s:23:2:26:Infinity":4,"s:24:4:24:Infinity":5,"s:25:4:25:Infinity":6,"s:28:2:74:Infinity":7,"s:29:25:31:Infinity":8,"s:33:4:33:Infinity":9,"s:36:28:36:Infinity":10,"s:39:4:53:Infinity":11,"f:39:34:39:55":1,"s:40:24:40:Infinity":12,"b:41:6:41:Infinity:undefined:undefined:undefined:undefined":3,"s:41:6:41:Infinity":13,"s:41:22:41:Infinity":14,"s:43:6:52:Infinity":15,"f:43:33:43:54":2,"b:44:8:51:Infinity:undefined:undefined:undefined:undefined":4,"s:44:8:51:Infinity":16,"b:45:10:50:Infinity:48:17:50:Infinity":5,"s:45:10:50:Infinity":17,"s:46:12:46:Infinity":18,"s:47:12:47:Infinity":19,"s:49:12:49:Infinity":20,"s:56:10:60:Infinity":21,"f:56:10:56:35":3,"b:57:6:59:Infinity:undefined:undefined:undefined:undefined":6,"s:57:6:59:Infinity":22,"s:58:8:58:Infinity":23,"f:58:30:58:42":4,"s:61:4:61:Infinity":24,"s:63:10:65:Infinity":25,"f:63:10:63:32":5,"s:64:6:64:Infinity":26,"s:68:4:68:Infinity":27,"s:70:4:70:Infinity":28,"s:72:4:72:Infinity":29,"s:73:4:73:Infinity":30,"f:79:15:79:46":6,"s:80:24:80:Infinity":31,"s:81:2:81:Infinity":32,"f:81:34:81:39":7,"s:81:47:81:63":33,"s:82:2:82:Infinity":34},"fnNames":{}}}
,"/home/piesp/projects/wasm-motion-converter/src/components/Tooltip.tsx": {"path":"/home/piesp/projects/wasm-motion-converter/src/components/Tooltip.tsx","statementMap":{"0":{"start":{"line":7,"column":24},"end":{"line":7,"column":null}},"1":{"start":{"line":8,"column":27},"end":{"line":8,"column":null}},"2":{"start":{"line":9,"column":26},"end":{"line":9,"column":null}},"3":{"start":{"line":10,"column":33},"end":{"line":10,"column":null}},"4":{"start":{"line":17,"column":38},"end":{"line":94,"column":null}},"5":{"start":{"line":18,"column":18},"end":{"line":18,"column":null}},"6":{"start":{"line":19,"column":36},"end":{"line":19,"column":null}},"7":{"start":{"line":20,"column":36},"end":{"line":20,"column":null}},"8":{"start":{"line":21,"column":22},"end":{"line":21,"column":null}},"9":{"start":{"line":25,"column":8},"end":{"line":36,"column":null}},"10":{"start":{"line":27,"column":24},"end":{"line":27,"column":null}},"11":{"start":{"line":28,"column":4},"end":{"line":34,"column":null}},"12":{"start":{"line":29,"column":6},"end":{"line":33,"column":null}},"13":{"start":{"line":30,"column":8},"end":{"line":30,"column":null}},"14":{"start":{"line":32,"column":8},"end":{"line":32,"column":null}},"15":{"start":{"line":35,"column":4},"end":{"line":35,"column":null}},"16":{"start":{"line":38,"column":8},"end":{"line":43,"column":null}},"17":{"start":{"line":39,"column":4},"end":{"line":39,"column":null}},"18":{"start":{"line":40,"column":4},"end":{"line":42,"column":null}},"19":{"start":{"line":41,"column":6},"end":{"line":41,"column":null}},"20":{"start":{"line":45,"column":8},"end":{"line":48,"column":null}},"21":{"start":{"line":46,"column":4},"end":{"line":46,"column":null}},"22":{"start":{"line":47,"column":4},"end":{"line":47,"column":null}},"23":{"start":{"line":50,"column":8},"end":{"line":54,"column":null}},"24":{"start":{"line":51,"column":4},"end":{"line":53,"column":null}},"25":{"start":{"line":52,"column":6},"end":{"line":52,"column":null}},"26":{"start":{"line":56,"column":2},"end":{"line":59,"column":null}},"27":{"start":{"line":57,"column":4},"end":{"line":57,"column":null}},"28":{"start":{"line":58,"column":4},"end":{"line":58,"column":null}},"29":{"start":{"line":61,"column":8},"end":{"line":61,"column":null}},"30":{"start":{"line":61,"column":30},"end":{"line":61,"column":null}},"31":{"start":{"line":63,"column":8},"end":{"line":63,"column":null}},"32":{"start":{"line":63,"column":28},"end":{"line":63,"column":null}},"33":{"start":{"line":65,"column":2},"end":{"line":76,"column":null}},"34":{"start":{"line":65,"column":2},"end":{"line":65,"column":null}},"35":{"start":{"line":65,"column":2},"end":{"line":75,"column":32}},"36":{"start":{"line":75,"column":32},"end":{"line":74,"column":null}},"37":{"start":{"line":74,"column":27},"end":{"line":73,"column":null}},"38":{"start":{"line":73,"column":37},"end":{"line":72,"column":null}},"39":{"start":{"line":72,"column":33},"end":{"line":71,"column":null}},"40":{"start":{"line":71,"column":40},"end":{"line":70,"column":null}},"41":{"start":{"line":69,"column":10},"end":{"line":69,"column":null}},"42":{"start":{"line":70,"column":9},"end":{"line":78,"column":null}},"43":{"start":{"line":78,"column":9},"end":{"line":78,"column":23}},"44":{"start":{"line":78,"column":23},"end":{"line":88,"column":null}},"45":{"start":{"line":80,"column":16},"end":{"line":80,"column":29}},"46":{"start":{"line":80,"column":29},"end":{"line":80,"column":null}},"47":{"start":{"line":80,"column":29},"end":{"line":86,"column":null}},"48":{"start":{"line":86,"column":11},"end":{"line":86,"column":24}},"49":{"start":{"line":86,"column":24},"end":{"line":88,"column":null}},"50":{"start":{"line":82,"column":14},"end":{"line":82,"column":25}},"51":{"start":{"line":83,"column":17},"end":{"line":83,"column":220}},"52":{"start":{"line":88,"column":19},"end":{"line":88,"column":118}},"53":{"start":{"line":88,"column":118},"end":{"line":88,"column":null}},"54":{"start":{"line":88,"column":118},"end":{"line":76,"column":null}},"55":{"start":{"line":76,"column":37},"end":{"line":76,"column":null}},"56":{"start":{"line":96,"column":23},"end":{"line":96,"column":null}}},"fnMap":{"0":{"name":"(anonymous_0)","decl":{"start":{"line":17,"column":38},"end":{"line":17,"column":42}},"loc":{"start":{"line":17,"column":52},"end":{"line":94,"column":1}},"line":17},"1":{"name":"(anonymous_1)","decl":{"start":{"line":25,"column":8},"end":{"line":25,"column":37}},"loc":{"start":{"line":25,"column":37},"end":{"line":36,"column":null}},"line":25},"2":{"name":"(anonymous_2)","decl":{"start":{"line":38,"column":8},"end":{"line":38,"column":35}},"loc":{"start":{"line":38,"column":35},"end":{"line":43,"column":null}},"line":38},"3":{"name":"(anonymous_3)","decl":{"start":{"line":40,"column":19},"end":{"line":40,"column":36}},"loc":{"start":{"line":40,"column":36},"end":{"line":42,"column":7}},"line":40},"4":{"name":"(anonymous_4)","decl":{"start":{"line":45,"column":8},"end":{"line":45,"column":28}},"loc":{"start":{"line":45,"column":28},"end":{"line":48,"column":null}},"line":45},"5":{"name":"(anonymous_5)","decl":{"start":{"line":50,"column":8},"end":{"line":50,"column":25}},"loc":{"start":{"line":50,"column":50},"end":{"line":54,"column":null}},"line":50},"6":{"name":"(anonymous_6)","decl":{"start":{"line":56,"column":2},"end":{"line":56,"column":18}},"loc":{"start":{"line":56,"column":18},"end":{"line":59,"column":3}},"line":56},"7":{"name":"(anonymous_7)","decl":{"start":{"line":61,"column":8},"end":{"line":61,"column":30}},"loc":{"start":{"line":61,"column":30},"end":{"line":61,"column":null}},"line":61},"8":{"name":"(anonymous_8)","decl":{"start":{"line":63,"column":8},"end":{"line":63,"column":28}},"loc":{"start":{"line":63,"column":28},"end":{"line":63,"column":null}},"line":63},"9":{"name":"(anonymous_9)","decl":{"start":{"line":65,"column":2},"end":{"line":65,"column":null}},"loc":{"start":{"line":65,"column":2},"end":{"line":76,"column":null}},"line":65},"10":{"name":"(anonymous_10)","decl":{"start":{"line":71,"column":40},"end":{"line":71,"column":null}},"loc":{"start":{"line":68,"column":21},"end":{"line":70,"column":9}},"line":68},"11":{"name":"(anonymous_11)","decl":{"start":{"line":70,"column":9},"end":{"line":70,"column":null}},"loc":{"start":{"line":78,"column":9},"end":{"line":78,"column":23}},"line":78},"12":{"name":"when","decl":{"start":{"line":80,"column":12},"end":{"line":80,"column":16}},"loc":{"start":{"line":80,"column":16},"end":{"line":80,"column":null}},"line":80},"13":{"name":"children","decl":{"start":{"line":80,"column":29},"end":{"line":80,"column":null}},"loc":{"start":{"line":80,"column":29},"end":{"line":88,"column":null}},"line":80},"14":{"name":"(anonymous_14)","decl":{"start":{"line":86,"column":24},"end":{"line":86,"column":null}},"loc":{"start":{"line":86,"column":24},"end":{"line":88,"column":null}},"line":86},"15":{"name":"(anonymous_15)","decl":{"start":{"line":88,"column":118},"end":{"line":88,"column":null}},"loc":{"start":{"line":88,"column":118},"end":{"line":76,"column":null}},"line":88}},"branchMap":{"0":{"loc":{"start":{"line":28,"column":4},"end":{"line":34,"column":null}},"type":"if","locations":[{"start":{"line":28,"column":4},"end":{"line":34,"column":null}},{"start":{},"end":{}}],"line":28},"1":{"loc":{"start":{"line":29,"column":6},"end":{"line":33,"column":null}},"type":"if","locations":[{"start":{"line":29,"column":6},"end":{"line":33,"column":null}},{"start":{"line":31,"column":13},"end":{"line":33,"column":null}}],"line":29},"2":{"loc":{"start":{"line":51,"column":4},"end":{"line":53,"column":null}},"type":"if","locations":[{"start":{"line":51,"column":4},"end":{"line":53,"column":null}},{"start":{},"end":{}}],"line":51},"3":{"loc":{"start":{"line":51,"column":8},"end":{"line":51,"column":47}},"type":"binary-expr","locations":[{"start":{"line":51,"column":8},"end":{"line":51,"column":34}},{"start":{"line":51,"column":34},"end":{"line":51,"column":47}}],"line":51},"4":{"loc":{"start":{"line":61,"column":30},"end":{"line":61,"column":null}},"type":"cond-expr","locations":[{"start":{"line":61,"column":56},"end":{"line":61,"column":77}},{"start":{"line":61,"column":77},"end":{"line":61,"column":null}}],"line":61},"5":{"loc":{"start":{"line":63,"column":28},"end":{"line":63,"column":null}},"type":"cond-expr","locations":[{"start":{"line":63,"column":54},"end":{"line":63,"column":68}},{"start":{"line":63,"column":68},"end":{"line":63,"column":null}}],"line":63},"6":{"loc":{"start":{"line":88,"column":118},"end":{"line":88,"column":null}},"type":"binary-expr","locations":[{"start":{"line":88,"column":118},"end":{"line":88,"column":null}},{"start":{"line":88,"column":118},"end":{"line":88,"column":null}}],"line":88},"7":{"loc":{"start":{"line":96,"column":23},"end":{"line":96,"column":null}},"type":"if","locations":[{"start":{"line":96,"column":23},"end":{"line":96,"column":null}},{"start":{},"end":{}}],"line":96}},"s":{"0":1,"1":1,"2":1,"3":1,"4":1,"5":2,"6":2,"7":2,"8":2,"9":2,"10":0,"11":0,"12":0,"13":0,"14":0,"15":0,"16":2,"17":0,"18":0,"19":0,"20":2,"21":0,"22":0,"23":2,"24":0,"25":0,"26":2,"27":0,"28":0,"29":2,"30":0,"31":2,"32":0,"33":2,"34":2,"35":2,"36":2,"37":2,"38":2,"39":2,"40":2,"41":2,"42":2,"43":2,"44":2,"45":2,"46":0,"47":0,"48":0,"49":0,"50":0,"51":0,"52":0,"53":0,"54":2,"55":2,"56":1},"f":{"0":2,"1":0,"2":0,"3":0,"4":0,"5":0,"6":0,"7":0,"8":0,"9":2,"10":2,"11":2,"12":2,"13":0,"14":0,"15":2},"b":{"0":[0,0],"1":[0,0],"2":[0,0],"3":[0,0],"4":[0,0],"5":[0,0],"6":[0,0],"7":[1,0]},"meta":{"lastBranch":8,"lastFunction":16,"lastStatement":57,"seen":{"s:7:24:7:Infinity":0,"s:8:27:8:Infinity":1,"s:9:26:9:Infinity":2,"s:10:33:10:Infinity":3,"s:17:38:94:Infinity":4,"f:17:38:17:42":0,"s:18:18:18:Infinity":5,"s:19:36:19:Infinity":6,"s:20:36:20:Infinity":7,"s:21:22:21:Infinity":8,"s:25:8:36:Infinity":9,"f:25:8:25:37":1,"s:27:24:27:Infinity":10,"b:28:4:34:Infinity:undefined:undefined:undefined:undefined":0,"s:28:4:34:Infinity":11,"b:29:6:33:Infinity:31:13:33:Infinity":1,"s:29:6:33:Infinity":12,"s:30:8:30:Infinity":13,"s:32:8:32:Infinity":14,"s:35:4:35:Infinity":15,"s:38:8:43:Infinity":16,"f:38:8:38:35":2,"s:39:4:39:Infinity":17,"s:40:4:42:Infinity":18,"f:40:19:40:36":3,"s:41:6:41:Infinity":19,"s:45:8:48:Infinity":20,"f:45:8:45:28":4,"s:46:4:46:Infinity":21,"s:47:4:47:Infinity":22,"s:50:8:54:Infinity":23,"f:50:8:50:25":5,"b:51:4:53:Infinity:undefined:undefined:undefined:undefined":2,"s:51:4:53:Infinity":24,"b:51:8:51:34:51:34:51:47":3,"s:52:6:52:Infinity":25,"s:56:2:59:Infinity":26,"f:56:2:56:18":6,"s:57:4:57:Infinity":27,"s:58:4:58:Infinity":28,"s:61:8:61:Infinity":29,"f:61:8:61:30":7,"s:61:30:61:Infinity":30,"b:61:56:61:77:61:77:61:Infinity":4,"s:63:8:63:Infinity":31,"f:63:8:63:28":8,"s:63:28:63:Infinity":32,"b:63:54:63:68:63:68:63:Infinity":5,"s:65:2:76:Infinity":33,"f:65:2:65:Infinity":9,"s:65:2:65:Infinity":34,"s:65:2:75:32":35,"s:75:32:74:Infinity":36,"s:74:27:73:Infinity":37,"s:73:37:72:Infinity":38,"s:72:33:71:Infinity":39,"s:71:40:70:Infinity":40,"f:71:40:71:Infinity":10,"s:69:10:69:Infinity":41,"s:70:9:78:Infinity":42,"f:70:9:70:Infinity":11,"s:78:9:78:23":43,"s:78:23:88:Infinity":44,"f:80:12:80:16":12,"s:80:16:80:29":45,"f:80:29:80:Infinity":13,"s:80:29:80:Infinity":46,"s:80:29:86:Infinity":47,"s:86:11:86:24":48,"s:86:24:88:Infinity":49,"f:86:24:86:Infinity":14,"s:82:14:82:25":50,"s:83:17:83:220":51,"s:88:19:88:118":52,"s:88:118:88:Infinity":53,"b:88:118:88:Infinity:88:118:88:Infinity":6,"s:88:118:76:Infinity":54,"f:88:118:88:Infinity":15,"s:76:37:76:Infinity":55,"b:96:23:96:Infinity:undefined:undefined:undefined:undefined":7,"s:96:23:96:Infinity":56},"fnNames":{}}}
,"/home/piesp/projects/wasm-motion-converter/src/i18n/en.json": {"path":"/home/piesp/projects/wasm-motion-converter/src/i18n/en.json","statementMap":{},"fnMap":{},"branchMap":{},"s":{},"f":{},"b":{},"meta":{"lastBranch":0,"lastFunction":0,"lastStatement":0,"seen":{},"fnNames":{}}}
,"/home/piesp/projects/wasm-motion-converter/src/i18n/ko.json": {"path":"/home/piesp/projects/wasm-motion-converter/src/i18n/ko.json","statementMap":{},"fnMap":{},"branchMap":{},"s":{},"f":{},"b":{},"meta":{"lastBranch":0,"lastFunction":0,"lastStatement":0,"seen":{},"fnNames":{}}}
,"/home/piesp/projects/wasm-motion-converter/src/services/buffer-pool.ts": {"path":"/home/piesp/projects/wasm-motion-converter/src/services/buffer-pool.ts","statementMap":{"0":{"start":{"line":19,"column":33},"end":{"line":19,"column":null}},"1":{"start":{"line":28,"column":18},"end":{"line":28,"column":32}},"2":{"start":{"line":29,"column":16},"end":{"line":29,"column":null}},"3":{"start":{"line":30,"column":2},"end":{"line":33,"column":null}},"4":{"start":{"line":32,"column":4},"end":{"line":32,"column":null}},"5":{"start":{"line":34,"column":2},"end":{"line":34,"column":null}},"6":{"start":{"line":55,"column":45},"end":{"line":55,"column":null}},"7":{"start":{"line":58,"column":37},"end":{"line":58,"column":null}},"8":{"start":{"line":65,"column":4},"end":{"line":65,"column":null}},"9":{"start":{"line":66,"column":4},"end":{"line":66,"column":null}},"10":{"start":{"line":74,"column":19},"end":{"line":74,"column":null}},"11":{"start":{"line":75,"column":17},"end":{"line":75,"column":null}},"12":{"start":{"line":76,"column":4},"end":{"line":80,"column":null}},"13":{"start":{"line":77,"column":18},"end":{"line":77,"column":null}},"14":{"start":{"line":78,"column":6},"end":{"line":78,"column":null}},"15":{"start":{"line":79,"column":6},"end":{"line":79,"column":null}},"16":{"start":{"line":81,"column":4},"end":{"line":81,"column":null}},"17":{"start":{"line":92,"column":4},"end":{"line":95,"column":null}},"18":{"start":{"line":94,"column":6},"end":{"line":94,"column":null}},"19":{"start":{"line":96,"column":17},"end":{"line":96,"column":null}},"20":{"start":{"line":97,"column":4},"end":{"line":100,"column":null}},"21":{"start":{"line":98,"column":6},"end":{"line":98,"column":null}},"22":{"start":{"line":99,"column":6},"end":{"line":99,"column":null}},"23":{"start":{"line":106,"column":4},"end":{"line":106,"column":null}},"24":{"start":{"line":107,"column":4},"end":{"line":107,"column":null}},"25":{"start":{"line":112,"column":4},"end":{"line":112,"column":null}},"26":{"start":{"line":117,"column":12},"end":{"line":117,"column":null}},"27":{"start":{"line":118,"column":4},"end":{"line":118,"column":null}},"28":{"start":{"line":119,"column":4},"end":{"line":119,"column":null}},"29":{"start":{"line":120,"column":4},"end":{"line":120,"column":null}},"30":{"start":{"line":121,"column":4},"end":{"line":121,"column":null}},"31":{"start":{"line":122,"column":4},"end":{"line":122,"column":null}},"32":{"start":{"line":123,"column":4},"end":{"line":123,"column":null}},"33":{"start":{"line":124,"column":4},"end":{"line":124,"column":null}},"34":{"start":{"line":129,"column":32},"end":{"line":129,"column":null}}},"fnMap":{"0":{"name":"getDefaultMaxTotalMemory","decl":{"start":{"line":27,"column":9},"end":{"line":27,"column":44}},"loc":{"start":{"line":27,"column":44},"end":{"line":35,"column":null}},"line":27},"1":{"name":"constructor","decl":{"start":{"line":64,"column":2},"end":{"line":64,"column":14}},"loc":{"start":{"line":64,"column":85},"end":{"line":67,"column":null}},"line":64},"2":{"name":"acquire","decl":{"start":{"line":73,"column":2},"end":{"line":73,"column":10}},"loc":{"start":{"line":73,"column":36},"end":{"line":82,"column":null}},"line":73},"3":{"name":"release","decl":{"start":{"line":90,"column":2},"end":{"line":90,"column":10}},"loc":{"start":{"line":90,"column":33},"end":{"line":102,"column":null}},"line":90},"4":{"name":"clear","decl":{"start":{"line":105,"column":2},"end":{"line":105,"column":16}},"loc":{"start":{"line":105,"column":16},"end":{"line":108,"column":null}},"line":105},"5":{"name":"totalPooledMemory","decl":{"start":{"line":111,"column":6},"end":{"line":111,"column":34}},"loc":{"start":{"line":111,"column":34},"end":{"line":113,"column":null}},"line":111},"6":{"name":"nextPow2","decl":{"start":{"line":116,"column":17},"end":{"line":116,"column":26}},"loc":{"start":{"line":116,"column":49},"end":{"line":125,"column":null}},"line":116}},"branchMap":{"0":{"loc":{"start":{"line":30,"column":2},"end":{"line":33,"column":null}},"type":"if","locations":[{"start":{"line":30,"column":2},"end":{"line":33,"column":null}},{"start":{},"end":{}}],"line":30},"1":{"loc":{"start":{"line":30,"column":6},"end":{"line":30,"column":26}},"type":"binary-expr","locations":[{"start":{"line":30,"column":6},"end":{"line":30,"column":15}},{"start":{"line":30,"column":15},"end":{"line":30,"column":26}}],"line":30},"2":{"loc":{"start":{"line":64,"column":14},"end":{"line":64,"column":32}},"type":"default-arg","locations":[{"start":{"line":64,"column":29},"end":{"line":64,"column":32}}],"line":64},"3":{"loc":{"start":{"line":64,"column":32},"end":{"line":64,"column":85}},"type":"default-arg","locations":[{"start":{"line":64,"column":57},"end":{"line":64,"column":85}}],"line":64},"4":{"loc":{"start":{"line":76,"column":4},"end":{"line":80,"column":null}},"type":"if","locations":[{"start":{"line":76,"column":4},"end":{"line":80,"column":null}},{"start":{},"end":{}}],"line":76},"5":{"loc":{"start":{"line":76,"column":8},"end":{"line":76,"column":33}},"type":"binary-expr","locations":[{"start":{"line":76,"column":8},"end":{"line":76,"column":16}},{"start":{"line":76,"column":16},"end":{"line":76,"column":33}}],"line":76},"6":{"loc":{"start":{"line":92,"column":4},"end":{"line":95,"column":null}},"type":"if","locations":[{"start":{"line":92,"column":4},"end":{"line":95,"column":null}},{"start":{},"end":{}}],"line":92},"7":{"loc":{"start":{"line":97,"column":4},"end":{"line":100,"column":null}},"type":"if","locations":[{"start":{"line":97,"column":4},"end":{"line":100,"column":null}},{"start":{},"end":{}}],"line":97},"8":{"loc":{"start":{"line":97,"column":8},"end":{"line":97,"column":49}},"type":"binary-expr","locations":[{"start":{"line":97,"column":8},"end":{"line":97,"column":16}},{"start":{"line":97,"column":16},"end":{"line":97,"column":49}}],"line":97}},"s":{"0":1,"1":1,"2":1,"3":1,"4":0,"5":1,"6":3,"7":3,"8":3,"9":3,"10":2,"11":2,"12":2,"13":0,"14":0,"15":0,"16":2,"17":1,"18":0,"19":1,"20":1,"21":0,"22":0,"23":0,"24":0,"25":0,"26":2,"27":2,"28":2,"29":2,"30":2,"31":2,"32":2,"33":2,"34":1},"f":{"0":1,"1":3,"2":2,"3":1,"4":0,"5":0,"6":1},"b":{"0":[0,1],"1":[1,0],"2":[3],"3":[3],"4":[0,2],"5":[2,0],"6":[0,1],"7":[0,1],"8":[1,0]},"meta":{"lastBranch":9,"lastFunction":7,"lastStatement":35,"seen":{"s:19:33:19:Infinity":0,"f:27:9:27:44":0,"s:28:18:28:32":1,"s:29:16:29:Infinity":2,"b:30:2:33:Infinity:undefined:undefined:undefined:undefined":0,"s:30:2:33:Infinity":3,"b:30:6:30:15:30:15:30:26":1,"s:32:4:32:Infinity":4,"s:34:2:34:Infinity":5,"s:55:45:55:Infinity":6,"s:58:37:58:Infinity":7,"f:64:2:64:14":1,"b:64:29:64:32":2,"b:64:57:64:85":3,"s:65:4:65:Infinity":8,"s:66:4:66:Infinity":9,"f:73:2:73:10":2,"s:74:19:74:Infinity":10,"s:75:17:75:Infinity":11,"b:76:4:80:Infinity:undefined:undefined:undefined:undefined":4,"s:76:4:80:Infinity":12,"b:76:8:76:16:76:16:76:33":5,"s:77:18:77:Infinity":13,"s:78:6:78:Infinity":14,"s:79:6:79:Infinity":15,"s:81:4:81:Infinity":16,"f:90:2:90:10":3,"b:92:4:95:Infinity:undefined:undefined:undefined:undefined":6,"s:92:4:95:Infinity":17,"s:94:6:94:Infinity":18,"s:96:17:96:Infinity":19,"b:97:4:100:Infinity:undefined:undefined:undefined:undefined":7,"s:97:4:100:Infinity":20,"b:97:8:97:16:97:16:97:49":8,"s:98:6:98:Infinity":21,"s:99:6:99:Infinity":22,"f:105:2:105:16":4,"s:106:4:106:Infinity":23,"s:107:4:107:Infinity":24,"f:111:6:111:34":5,"s:112:4:112:Infinity":25,"f:116:17:116:26":6,"s:117:12:117:Infinity":26,"s:118:4:118:Infinity":27,"s:119:4:119:Infinity":28,"s:120:4:120:Infinity":29,"s:121:4:121:Infinity":30,"s:122:4:122:Infinity":31,"s:123:4:123:Infinity":32,"s:124:4:124:Infinity":33,"s:129:32:129:Infinity":34},"fnNames":{}}}
,"/home/piesp/projects/wasm-motion-converter/src/services/dynamic-decimation-controller.ts": {"path":"/home/piesp/projects/wasm-motion-converter/src/services/dynamic-decimation-controller.ts","statementMap":{"0":{"start":{"line":20,"column":48},"end":{"line":20,"column":null}},"1":{"start":{"line":21,"column":47},"end":{"line":21,"column":null}},"2":{"start":{"line":51,"column":24},"end":{"line":51,"column":null}},"3":{"start":{"line":52,"column":25},"end":{"line":52,"column":null}},"4":{"start":{"line":53,"column":31},"end":{"line":53,"column":null}},"5":{"start":{"line":54,"column":23},"end":{"line":54,"column":null}},"6":{"start":{"line":55,"column":51},"end":{"line":55,"column":null}},"7":{"start":{"line":58,"column":4},"end":{"line":62,"column":null}},"8":{"start":{"line":60,"column":19},"end":{"line":60,"column":33}},"9":{"start":{"line":61,"column":6},"end":{"line":61,"column":null}},"10":{"start":{"line":66,"column":4},"end":{"line":66,"column":null}},"11":{"start":{"line":66,"column":28},"end":{"line":66,"column":null}},"12":{"start":{"line":69,"column":4},"end":{"line":72,"column":null}},"13":{"start":{"line":70,"column":6},"end":{"line":70,"column":null}},"14":{"start":{"line":71,"column":6},"end":{"line":71,"column":null}},"15":{"start":{"line":74,"column":20},"end":{"line":74,"column":null}},"16":{"start":{"line":75,"column":4},"end":{"line":78,"column":null}},"17":{"start":{"line":76,"column":6},"end":{"line":76,"column":null}},"18":{"start":{"line":77,"column":6},"end":{"line":77,"column":null}},"19":{"start":{"line":80,"column":4},"end":{"line":80,"column":null}},"20":{"start":{"line":82,"column":4},"end":{"line":96,"column":null}},"21":{"start":{"line":84,"column":19},"end":{"line":84,"column":null}},"22":{"start":{"line":85,"column":6},"end":{"line":85,"column":null}},"23":{"start":{"line":86,"column":6},"end":{"line":88,"column":null}},"24":{"start":{"line":87,"column":8},"end":{"line":87,"column":null}},"25":{"start":{"line":89,"column":6},"end":{"line":94,"column":null}},"26":{"start":{"line":95,"column":6},"end":{"line":95,"column":null}},"27":{"start":{"line":98,"column":4},"end":{"line":112,"column":null}},"28":{"start":{"line":100,"column":19},"end":{"line":100,"column":null}},"29":{"start":{"line":101,"column":6},"end":{"line":101,"column":null}},"30":{"start":{"line":102,"column":6},"end":{"line":104,"column":null}},"31":{"start":{"line":103,"column":8},"end":{"line":103,"column":null}},"32":{"start":{"line":105,"column":6},"end":{"line":110,"column":null}},"33":{"start":{"line":111,"column":6},"end":{"line":111,"column":null}},"34":{"start":{"line":114,"column":4},"end":{"line":114,"column":null}},"35":{"start":{"line":118,"column":4},"end":{"line":118,"column":null}},"36":{"start":{"line":121,"column":2},"end":{"line":121,"column":null}}},"fnMap":{"0":{"name":"createDynamicDecimationController","decl":{"start":{"line":48,"column":16},"end":{"line":48,"column":null}},"loc":{"start":{"line":50,"column":31},"end":{"line":122,"column":null}},"line":50},"1":{"name":"(anonymous_1)","decl":{"start":{"line":58,"column":4},"end":{"line":58,"column":null}},"loc":{"start":{"line":59,"column":11},"end":{"line":62,"column":null}},"line":59},"2":{"name":"shouldSkip","decl":{"start":{"line":64,"column":11},"end":{"line":64,"column":22}},"loc":{"start":{"line":64,"column":49},"end":{"line":115,"column":null}},"line":64},"3":{"name":"getSkipCount","decl":{"start":{"line":117,"column":11},"end":{"line":117,"column":34}},"loc":{"start":{"line":117,"column":34},"end":{"line":119,"column":null}},"line":117}},"branchMap":{"0":{"loc":{"start":{"line":58,"column":4},"end":{"line":62,"column":null}},"type":"binary-expr","locations":[{"start":{"line":58,"column":4},"end":{"line":58,"column":null}},{"start":{"line":58,"column":4},"end":{"line":62,"column":null}}],"line":58},"1":{"loc":{"start":{"line":61,"column":13},"end":{"line":61,"column":null}},"type":"cond-expr","locations":[{"start":{"line":61,"column":20},"end":{"line":61,"column":64}},{"start":{"line":61,"column":64},"end":{"line":61,"column":null}}],"line":61},"2":{"loc":{"start":{"line":66,"column":4},"end":{"line":66,"column":null}},"type":"if","locations":[{"start":{"line":66,"column":4},"end":{"line":66,"column":null}},{"start":{},"end":{}}],"line":66},"3":{"loc":{"start":{"line":69,"column":4},"end":{"line":72,"column":null}},"type":"if","locations":[{"start":{"line":69,"column":4},"end":{"line":72,"column":null}},{"start":{},"end":{}}],"line":69},"4":{"loc":{"start":{"line":75,"column":4},"end":{"line":78,"column":null}},"type":"if","locations":[{"start":{"line":75,"column":4},"end":{"line":78,"column":null}},{"start":{},"end":{}}],"line":75},"5":{"loc":{"start":{"line":75,"column":8},"end":{"line":75,"column":81}},"type":"binary-expr","locations":[{"start":{"line":75,"column":8},"end":{"line":75,"column":20}},{"start":{"line":75,"column":20},"end":{"line":75,"column":81}}],"line":75},"6":{"loc":{"start":{"line":82,"column":4},"end":{"line":96,"column":null}},"type":"if","locations":[{"start":{"line":82,"column":4},"end":{"line":96,"column":null}},{"start":{},"end":{}}],"line":82},"7":{"loc":{"start":{"line":86,"column":6},"end":{"line":88,"column":null}},"type":"if","locations":[{"start":{"line":86,"column":6},"end":{"line":88,"column":null}},{"start":{},"end":{}}],"line":86},"8":{"loc":{"start":{"line":98,"column":4},"end":{"line":112,"column":null}},"type":"if","locations":[{"start":{"line":98,"column":4},"end":{"line":112,"column":null}},{"start":{},"end":{}}],"line":98},"9":{"loc":{"start":{"line":102,"column":6},"end":{"line":104,"column":null}},"type":"if","locations":[{"start":{"line":102,"column":6},"end":{"line":104,"column":null}},{"start":{},"end":{}}],"line":102}},"s":{"0":1,"1":1,"2":4,"3":4,"4":4,"5":4,"6":4,"7":4,"8":0,"9":0,"10":16,"11":2,"12":14,"13":14,"14":14,"15":14,"16":14,"17":3,"18":3,"19":11,"20":11,"21":3,"22":3,"23":3,"24":2,"25":3,"26":3,"27":8,"28":3,"29":3,"30":3,"31":1,"32":3,"33":3,"34":5,"35":3,"36":4},"f":{"0":4,"1":0,"2":16,"3":3},"b":{"0":[4,0],"1":[0,0],"2":[2,14],"3":[14,0],"4":[3,11],"5":[14,13],"6":[3,8],"7":[2,1],"8":[3,5],"9":[1,2]},"meta":{"lastBranch":10,"lastFunction":4,"lastStatement":37,"seen":{"s:20:48:20:Infinity":0,"s:21:47:21:Infinity":1,"f:48:16:48:Infinity":0,"s:51:24:51:Infinity":2,"s:52:25:52:Infinity":3,"s:53:31:53:Infinity":4,"s:54:23:54:Infinity":5,"s:55:51:55:Infinity":6,"s:58:4:62:Infinity":7,"b:58:4:58:Infinity:58:4:62:Infinity":0,"f:58:4:58:Infinity":1,"s:60:19:60:33":8,"s:61:6:61:Infinity":9,"b:61:20:61:64:61:64:61:Infinity":1,"f:64:11:64:22":2,"b:66:4:66:Infinity:undefined:undefined:undefined:undefined":2,"s:66:4:66:Infinity":10,"s:66:28:66:Infinity":11,"b:69:4:72:Infinity:undefined:undefined:undefined:undefined":3,"s:69:4:72:Infinity":12,"s:70:6:70:Infinity":13,"s:71:6:71:Infinity":14,"s:74:20:74:Infinity":15,"b:75:4:78:Infinity:undefined:undefined:undefined:undefined":4,"s:75:4:78:Infinity":16,"b:75:8:75:20:75:20:75:81":5,"s:76:6:76:Infinity":17,"s:77:6:77:Infinity":18,"s:80:4:80:Infinity":19,"b:82:4:96:Infinity:undefined:undefined:undefined:undefined":6,"s:82:4:96:Infinity":20,"s:84:19:84:Infinity":21,"s:85:6:85:Infinity":22,"b:86:6:88:Infinity:undefined:undefined:undefined:undefined":7,"s:86:6:88:Infinity":23,"s:87:8:87:Infinity":24,"s:89:6:94:Infinity":25,"s:95:6:95:Infinity":26,"b:98:4:112:Infinity:undefined:undefined:undefined:undefined":8,"s:98:4:112:Infinity":27,"s:100:19:100:Infinity":28,"s:101:6:101:Infinity":29,"b:102:6:104:Infinity:undefined:undefined:undefined:undefined":9,"s:102:6:104:Infinity":30,"s:103:8:103:Infinity":31,"s:105:6:110:Infinity":32,"s:111:6:111:Infinity":33,"s:114:4:114:Infinity":34,"f:117:11:117:34":3,"s:118:4:118:Infinity":35,"s:121:2:121:Infinity":36},"fnNames":{}}}
,"/home/piesp/projects/wasm-motion-converter/src/services/encoder-common.ts": {"path":"/home/piesp/projects/wasm-motion-converter/src/services/encoder-common.ts","statementMap":{"0":{"start":{"line":64,"column":2},"end":{"line":64,"column":null}},"1":{"start":{"line":64,"column":37},"end":{"line":64,"column":null}},"2":{"start":{"line":67,"column":21},"end":{"line":67,"column":null}},"3":{"start":{"line":71,"column":4},"end":{"line":71,"column":null}},"4":{"start":{"line":77,"column":20},"end":{"line":77,"column":null}},"5":{"start":{"line":78,"column":2},"end":{"line":81,"column":null}},"6":{"start":{"line":80,"column":4},"end":{"line":80,"column":null}},"7":{"start":{"line":83,"column":2},"end":{"line":83,"column":null}}},"fnMap":{"0":{"name":"calcAutoDecimation","decl":{"start":{"line":59,"column":16},"end":{"line":59,"column":null}},"loc":{"start":{"line":63,"column":10},"end":{"line":84,"column":null}},"line":63}},"branchMap":{"0":{"loc":{"start":{"line":64,"column":2},"end":{"line":64,"column":null}},"type":"if","locations":[{"start":{"line":64,"column":2},"end":{"line":64,"column":null}},{"start":{},"end":{}}],"line":64},"1":{"loc":{"start":{"line":71,"column":4},"end":{"line":71,"column":null}},"type":"cond-expr","locations":[{"start":{"line":71,"column":29},"end":{"line":71,"column":79}},{"start":{"line":71,"column":79},"end":{"line":71,"column":null}}],"line":71},"2":{"loc":{"start":{"line":78,"column":2},"end":{"line":81,"column":null}},"type":"if","locations":[{"start":{"line":78,"column":2},"end":{"line":81,"column":null}},{"start":{},"end":{}}],"line":78}},"s":{"0":23,"1":3,"2":20,"3":20,"4":23,"5":23,"6":4,"7":16},"f":{"0":23},"b":{"0":[3,20],"1":[15,5],"2":[4,19]},"meta":{"lastBranch":3,"lastFunction":1,"lastStatement":8,"seen":{"f:59:16:59:Infinity":0,"b:64:2:64:Infinity:undefined:undefined:undefined:undefined":0,"s:64:2:64:Infinity":0,"s:64:37:64:Infinity":1,"s:67:21:67:Infinity":2,"s:71:4:71:Infinity":3,"b:71:29:71:79:71:79:71:Infinity":1,"s:77:20:77:Infinity":4,"b:78:2:81:Infinity:undefined:undefined:undefined:undefined":2,"s:78:2:81:Infinity":5,"s:80:4:80:Infinity":6,"s:83:2:83:Infinity":7},"fnNames":{}}}
,"/home/piesp/projects/wasm-motion-converter/src/services/error-recovery.ts": {"path":"/home/piesp/projects/wasm-motion-converter/src/services/error-recovery.ts","statementMap":{"0":{"start":{"line":18,"column":2},"end":{"line":18,"column":null}},"1":{"start":{"line":18,"column":25},"end":{"line":18,"column":null}},"2":{"start":{"line":20,"column":2},"end":{"line":30,"column":null}},"3":{"start":{"line":21,"column":19},"end":{"line":21,"column":null}},"4":{"start":{"line":22,"column":4},"end":{"line":22,"column":null}},"5":{"start":{"line":22,"column":52},"end":{"line":22,"column":null}},"6":{"start":{"line":25,"column":4},"end":{"line":25,"column":null}},"7":{"start":{"line":25,"column":28},"end":{"line":25,"column":null}},"8":{"start":{"line":26,"column":17},"end":{"line":26,"column":null}},"9":{"start":{"line":27,"column":17},"end":{"line":27,"column":null}},"10":{"start":{"line":28,"column":4},"end":{"line":28,"column":null}},"11":{"start":{"line":28,"column":44},"end":{"line":28,"column":null}},"12":{"start":{"line":32,"column":2},"end":{"line":32,"column":null}}},"fnMap":{"0":{"name":"validateOutput","decl":{"start":{"line":16,"column":16},"end":{"line":16,"column":31}},"loc":{"start":{"line":16,"column":86},"end":{"line":33,"column":null}},"line":16}},"branchMap":{"0":{"loc":{"start":{"line":18,"column":2},"end":{"line":18,"column":null}},"type":"if","locations":[{"start":{"line":18,"column":2},"end":{"line":18,"column":null}},{"start":{},"end":{}}],"line":18},"1":{"loc":{"start":{"line":20,"column":2},"end":{"line":30,"column":null}},"type":"if","locations":[{"start":{"line":20,"column":2},"end":{"line":30,"column":null}},{"start":{"line":24,"column":9},"end":{"line":30,"column":null}}],"line":20},"2":{"loc":{"start":{"line":22,"column":4},"end":{"line":22,"column":null}},"type":"if","locations":[{"start":{"line":22,"column":4},"end":{"line":22,"column":null}},{"start":{},"end":{}}],"line":22},"3":{"loc":{"start":{"line":22,"column":8},"end":{"line":22,"column":52}},"type":"binary-expr","locations":[{"start":{"line":22,"column":8},"end":{"line":22,"column":31}},{"start":{"line":22,"column":31},"end":{"line":22,"column":52}}],"line":22},"4":{"loc":{"start":{"line":25,"column":4},"end":{"line":25,"column":null}},"type":"if","locations":[{"start":{"line":25,"column":4},"end":{"line":25,"column":null}},{"start":{},"end":{}}],"line":25},"5":{"loc":{"start":{"line":28,"column":4},"end":{"line":28,"column":null}},"type":"if","locations":[{"start":{"line":28,"column":4},"end":{"line":28,"column":null}},{"start":{},"end":{}}],"line":28},"6":{"loc":{"start":{"line":28,"column":8},"end":{"line":28,"column":44}},"type":"binary-expr","locations":[{"start":{"line":28,"column":8},"end":{"line":28,"column":27}},{"start":{"line":28,"column":27},"end":{"line":28,"column":44}}],"line":28}},"s":{"0":8,"1":1,"2":7,"3":3,"4":3,"5":1,"6":4,"7":1,"8":3,"9":3,"10":3,"11":2,"12":3},"f":{"0":8},"b":{"0":[1,7],"1":[3,4],"2":[1,2],"3":[3,2],"4":[1,3],"5":[2,1],"6":[3,2]},"meta":{"lastBranch":7,"lastFunction":1,"lastStatement":13,"seen":{"f:16:16:16:31":0,"b:18:2:18:Infinity:undefined:undefined:undefined:undefined":0,"s:18:2:18:Infinity":0,"s:18:25:18:Infinity":1,"b:20:2:30:Infinity:24:9:30:Infinity":1,"s:20:2:30:Infinity":2,"s:21:19:21:Infinity":3,"b:22:4:22:Infinity:undefined:undefined:undefined:undefined":2,"s:22:4:22:Infinity":4,"b:22:8:22:31:22:31:22:52":3,"s:22:52:22:Infinity":5,"b:25:4:25:Infinity:undefined:undefined:undefined:undefined":4,"s:25:4:25:Infinity":6,"s:25:28:25:Infinity":7,"s:26:17:26:Infinity":8,"s:27:17:27:Infinity":9,"b:28:4:28:Infinity:undefined:undefined:undefined:undefined":5,"s:28:4:28:Infinity":10,"b:28:8:28:27:28:27:28:44":6,"s:28:44:28:Infinity":11,"s:32:2:32:Infinity":12},"fnNames":{}}}
,"/home/piesp/projects/wasm-motion-converter/src/services/frame-utils.ts": {"path":"/home/piesp/projects/wasm-motion-converter/src/services/frame-utils.ts","statementMap":{"0":{"start":{"line":40,"column":16},"end":{"line":40,"column":null}},"1":{"start":{"line":41,"column":17},"end":{"line":41,"column":null}},"2":{"start":{"line":42,"column":2},"end":{"line":42,"column":null}},"3":{"start":{"line":42,"column":25},"end":{"line":42,"column":null}},"4":{"start":{"line":43,"column":2},"end":{"line":43,"column":null}},"5":{"start":{"line":78,"column":15},"end":{"line":78,"column":null}},"6":{"start":{"line":79,"column":15},"end":{"line":79,"column":null}},"7":{"start":{"line":80,"column":23},"end":{"line":80,"column":null}},"8":{"start":{"line":82,"column":2},"end":{"line":85,"column":null}},"9":{"start":{"line":83,"column":4},"end":{"line":83,"column":null}},"10":{"start":{"line":84,"column":4},"end":{"line":84,"column":null}},"11":{"start":{"line":88,"column":2},"end":{"line":90,"column":null}},"12":{"start":{"line":89,"column":4},"end":{"line":89,"column":null}},"13":{"start":{"line":94,"column":2},"end":{"line":100,"column":null}},"14":{"start":{"line":95,"column":19},"end":{"line":95,"column":null}},"15":{"start":{"line":96,"column":4},"end":{"line":96,"column":null}},"16":{"start":{"line":97,"column":4},"end":{"line":97,"column":null}},"17":{"start":{"line":103,"column":2},"end":{"line":103,"column":null}},"18":{"start":{"line":104,"column":2},"end":{"line":104,"column":null}},"19":{"start":{"line":112,"column":26},"end":{"line":112,"column":null}},"20":{"start":{"line":115,"column":2},"end":{"line":117,"column":null}},"21":{"start":{"line":116,"column":4},"end":{"line":116,"column":null}},"22":{"start":{"line":118,"column":2},"end":{"line":118,"column":null}},"23":{"start":{"line":118,"column":34},"end":{"line":118,"column":56}},"24":{"start":{"line":137,"column":15},"end":{"line":141,"column":null}},"25":{"start":{"line":142,"column":17},"end":{"line":142,"column":null}},"26":{"start":{"line":143,"column":2},"end":{"line":164,"column":null}},"27":{"start":{"line":144,"column":4},"end":{"line":148,"column":null}},"28":{"start":{"line":151,"column":23},"end":{"line":151,"column":null}},"29":{"start":{"line":152,"column":16},"end":{"line":152,"column":null}},"30":{"start":{"line":153,"column":18},"end":{"line":153,"column":null}},"31":{"start":{"line":154,"column":4},"end":{"line":160,"column":null}},"32":{"start":{"line":154,"column":17},"end":{"line":154,"column":20}},"33":{"start":{"line":155,"column":16},"end":{"line":155,"column":null}},"34":{"start":{"line":156,"column":21},"end":{"line":156,"column":null}},"35":{"start":{"line":157,"column":6},"end":{"line":157,"column":null}},"36":{"start":{"line":158,"column":6},"end":{"line":158,"column":null}},"37":{"start":{"line":159,"column":6},"end":{"line":159,"column":null}},"38":{"start":{"line":161,"column":4},"end":{"line":161,"column":null}},"39":{"start":{"line":163,"column":4},"end":{"line":163,"column":null}},"40":{"start":{"line":174,"column":2},"end":{"line":178,"column":null}},"41":{"start":{"line":175,"column":4},"end":{"line":175,"column":null}},"42":{"start":{"line":180,"column":71},"end":{"line":185,"column":null}},"43":{"start":{"line":187,"column":2},"end":{"line":209,"column":null}},"44":{"start":{"line":188,"column":4},"end":{"line":208,"column":null}},"45":{"start":{"line":189,"column":19},"end":{"line":192,"column":null}},"46":{"start":{"line":193,"column":21},"end":{"line":193,"column":null}},"47":{"start":{"line":194,"column":6},"end":{"line":205,"column":null}},"48":{"start":{"line":195,"column":8},"end":{"line":199,"column":null}},"49":{"start":{"line":201,"column":20},"end":{"line":201,"column":null}},"50":{"start":{"line":202,"column":8},"end":{"line":202,"column":null}},"51":{"start":{"line":204,"column":8},"end":{"line":204,"column":null}},"52":{"start":{"line":210,"column":2},"end":{"line":210,"column":null}},"53":{"start":{"line":226,"column":26},"end":{"line":226,"column":null}},"54":{"start":{"line":229,"column":14},"end":{"line":229,"column":null}},"55":{"start":{"line":230,"column":17},"end":{"line":230,"column":null}},"56":{"start":{"line":231,"column":2},"end":{"line":231,"column":null}},"57":{"start":{"line":231,"column":14},"end":{"line":231,"column":null}},"58":{"start":{"line":232,"column":17},"end":{"line":232,"column":null}},"59":{"start":{"line":233,"column":14},"end":{"line":233,"column":null}},"60":{"start":{"line":234,"column":2},"end":{"line":234,"column":null}},"61":{"start":{"line":234,"column":12},"end":{"line":234,"column":null}},"62":{"start":{"line":235,"column":30},"end":{"line":235,"column":null}},"63":{"start":{"line":236,"column":2},"end":{"line":236,"column":null}},"64":{"start":{"line":237,"column":2},"end":{"line":237,"column":null}},"65":{"start":{"line":242,"column":2},"end":{"line":245,"column":null}},"66":{"start":{"line":243,"column":4},"end":{"line":243,"column":null}},"67":{"start":{"line":244,"column":4},"end":{"line":244,"column":null}},"68":{"start":{"line":246,"column":2},"end":{"line":246,"column":null}},"69":{"start":{"line":254,"column":18},"end":{"line":254,"column":null}},"70":{"start":{"line":257,"column":2},"end":{"line":257,"column":null}},"71":{"start":{"line":261,"column":2},"end":{"line":276,"column":null}},"72":{"start":{"line":262,"column":19},"end":{"line":266,"column":null}},"73":{"start":{"line":267,"column":4},"end":{"line":273,"column":null}},"74":{"start":{"line":268,"column":6},"end":{"line":268,"column":null}},"75":{"start":{"line":269,"column":24},"end":{"line":269,"column":null}},"76":{"start":{"line":270,"column":6},"end":{"line":270,"column":null}},"77":{"start":{"line":272,"column":6},"end":{"line":272,"column":null}},"78":{"start":{"line":278,"column":2},"end":{"line":288,"column":null}},"79":{"start":{"line":290,"column":20},"end":{"line":290,"column":null}},"80":{"start":{"line":291,"column":2},"end":{"line":291,"column":null}},"81":{"start":{"line":297,"column":15},"end":{"line":301,"column":null}},"82":{"start":{"line":302,"column":2},"end":{"line":302,"column":null}},"83":{"start":{"line":324,"column":21},"end":{"line":324,"column":null}},"84":{"start":{"line":325,"column":21},"end":{"line":325,"column":null}},"85":{"start":{"line":326,"column":14},"end":{"line":326,"column":null}},"86":{"start":{"line":330,"column":21},"end":{"line":330,"column":null}},"87":{"start":{"line":331,"column":2},"end":{"line":336,"column":null}},"88":{"start":{"line":332,"column":4},"end":{"line":332,"column":null}},"89":{"start":{"line":333,"column":4},"end":{"line":335,"column":null}},"90":{"start":{"line":340,"column":2},"end":{"line":382,"column":null}},"91":{"start":{"line":342,"column":18},"end":{"line":342,"column":null}},"92":{"start":{"line":343,"column":4},"end":{"line":361,"column":null}},"93":{"start":{"line":345,"column":6},"end":{"line":351,"column":null}},"94":{"start":{"line":345,"column":19},"end":{"line":345,"column":22}},"95":{"start":{"line":346,"column":18},"end":{"line":346,"column":null}},"96":{"start":{"line":347,"column":23},"end":{"line":347,"column":null}},"97":{"start":{"line":348,"column":8},"end":{"line":348,"column":null}},"98":{"start":{"line":349,"column":8},"end":{"line":349,"column":null}},"99":{"start":{"line":350,"column":8},"end":{"line":350,"column":null}},"100":{"start":{"line":354,"column":6},"end":{"line":360,"column":null}},"101":{"start":{"line":354,"column":19},"end":{"line":354,"column":22}},"102":{"start":{"line":355,"column":18},"end":{"line":355,"column":null}},"103":{"start":{"line":356,"column":23},"end":{"line":356,"column":null}},"104":{"start":{"line":357,"column":8},"end":{"line":357,"column":null}},"105":{"start":{"line":358,"column":8},"end":{"line":358,"column":null}},"106":{"start":{"line":359,"column":8},"end":{"line":359,"column":null}},"107":{"start":{"line":364,"column":4},"end":{"line":381,"column":null}},"108":{"start":{"line":365,"column":6},"end":{"line":371,"column":null}},"109":{"start":{"line":365,"column":19},"end":{"line":365,"column":22}},"110":{"start":{"line":366,"column":23},"end":{"line":366,"column":null}},"111":{"start":{"line":367,"column":23},"end":{"line":367,"column":null}},"112":{"start":{"line":368,"column":8},"end":{"line":368,"column":null}},"113":{"start":{"line":369,"column":8},"end":{"line":369,"column":null}},"114":{"start":{"line":370,"column":8},"end":{"line":370,"column":null}},"115":{"start":{"line":374,"column":6},"end":{"line":380,"column":null}},"116":{"start":{"line":374,"column":19},"end":{"line":374,"column":22}},"117":{"start":{"line":375,"column":23},"end":{"line":375,"column":null}},"118":{"start":{"line":376,"column":23},"end":{"line":376,"column":null}},"119":{"start":{"line":377,"column":8},"end":{"line":377,"column":null}},"120":{"start":{"line":378,"column":8},"end":{"line":378,"column":null}},"121":{"start":{"line":379,"column":8},"end":{"line":379,"column":null}},"122":{"start":{"line":384,"column":2},"end":{"line":384,"column":null}},"123":{"start":{"line":406,"column":21},"end":{"line":406,"column":null}},"124":{"start":{"line":407,"column":8},"end":{"line":407,"column":null}},"125":{"start":{"line":410,"column":17},"end":{"line":410,"column":null}},"126":{"start":{"line":414,"column":2},"end":{"line":420,"column":null}},"127":{"start":{"line":414,"column":15},"end":{"line":414,"column":18}},"128":{"start":{"line":415,"column":19},"end":{"line":415,"column":null}},"129":{"start":{"line":416,"column":14},"end":{"line":416,"column":null}},"130":{"start":{"line":417,"column":14},"end":{"line":417,"column":null}},"131":{"start":{"line":418,"column":14},"end":{"line":418,"column":null}},"132":{"start":{"line":419,"column":4},"end":{"line":419,"column":null}},"133":{"start":{"line":422,"column":2},"end":{"line":422,"column":null}},"134":{"start":{"line":446,"column":2},"end":{"line":449,"column":null}},"135":{"start":{"line":472,"column":14},"end":{"line":472,"column":null}},"136":{"start":{"line":473,"column":2},"end":{"line":475,"column":null}},"137":{"start":{"line":474,"column":4},"end":{"line":474,"column":null}},"138":{"start":{"line":477,"column":18},"end":{"line":477,"column":null}},"139":{"start":{"line":478,"column":13},"end":{"line":478,"column":null}},"140":{"start":{"line":480,"column":19},"end":{"line":480,"column":null}},"141":{"start":{"line":481,"column":2},"end":{"line":484,"column":null}},"142":{"start":{"line":499,"column":15},"end":{"line":499,"column":null}},"143":{"start":{"line":500,"column":2},"end":{"line":508,"column":null}},"144":{"start":{"line":500,"column":15},"end":{"line":500,"column":18}},"145":{"start":{"line":501,"column":4},"end":{"line":507,"column":null}},"146":{"start":{"line":501,"column":17},"end":{"line":501,"column":20}},"147":{"start":{"line":502,"column":19},"end":{"line":502,"column":null}},"148":{"start":{"line":503,"column":19},"end":{"line":503,"column":null}},"149":{"start":{"line":504,"column":12},"end":{"line":504,"column":null}},"150":{"start":{"line":505,"column":6},"end":{"line":506,"column":null}},"151":{"start":{"line":509,"column":2},"end":{"line":509,"column":null}},"152":{"start":{"line":526,"column":12},"end":{"line":526,"column":null}},"153":{"start":{"line":527,"column":2},"end":{"line":529,"column":null}},"154":{"start":{"line":527,"column":15},"end":{"line":527,"column":18}},"155":{"start":{"line":528,"column":4},"end":{"line":528,"column":null}},"156":{"start":{"line":530,"column":2},"end":{"line":530,"column":null}},"157":{"start":{"line":537,"column":2},"end":{"line":548,"column":null}},"158":{"start":{"line":539,"column":6},"end":{"line":539,"column":null}},"159":{"start":{"line":541,"column":6},"end":{"line":541,"column":null}},"160":{"start":{"line":543,"column":6},"end":{"line":543,"column":null}},"161":{"start":{"line":545,"column":6},"end":{"line":545,"column":null}},"162":{"start":{"line":547,"column":6},"end":{"line":547,"column":null}}},"fnMap":{"0":{"name":"resolveVideoDimensions","decl":{"start":{"line":37,"column":16},"end":{"line":37,"column":null}},"loc":{"start":{"line":39,"column":44},"end":{"line":44,"column":null}},"line":39},"1":{"name":"copyFrameToRGB","decl":{"start":{"line":67,"column":22},"end":{"line":67,"column":null}},"loc":{"start":{"line":72,"column":23},"end":{"line":105,"column":null}},"line":72},"2":{"name":"yieldToMain","decl":{"start":{"line":114,"column":16},"end":{"line":114,"column":45}},"loc":{"start":{"line":114,"column":45},"end":{"line":119,"column":null}},"line":114},"3":{"name":"(anonymous_3)","decl":{"start":{"line":118,"column":13},"end":{"line":118,"column":22}},"loc":{"start":{"line":118,"column":34},"end":{"line":118,"column":56}},"line":118},"4":{"name":"copyFrameRGBX","decl":{"start":{"line":132,"column":15},"end":{"line":132,"column":null}},"loc":{"start":{"line":136,"column":23},"end":{"line":165,"column":null}},"line":136},"5":{"name":"copyFrameFourChannel","decl":{"start":{"line":168,"column":15},"end":{"line":168,"column":null}},"loc":{"start":{"line":172,"column":23},"end":{"line":211,"column":null}},"line":172},"6":{"name":"getOrCreateCanvas","decl":{"start":{"line":228,"column":9},"end":{"line":228,"column":27}},"loc":{"start":{"line":228,"column":72},"end":{"line":238,"column":null}},"line":228},"7":{"name":"clearCanvasCache","decl":{"start":{"line":241,"column":16},"end":{"line":241,"column":41}},"loc":{"start":{"line":241,"column":41},"end":{"line":247,"column":null}},"line":241},"8":{"name":"copyFrameCanvas","decl":{"start":{"line":249,"column":15},"end":{"line":249,"column":null}},"loc":{"start":{"line":253,"column":23},"end":{"line":292,"column":null}},"line":253},"9":{"name":"convertImageDataToRGB","decl":{"start":{"line":294,"column":9},"end":{"line":294,"column":31}},"loc":{"start":{"line":294,"column":96},"end":{"line":303,"column":null}},"line":294},"10":{"name":"convertRGBAToRGB","decl":{"start":{"line":317,"column":16},"end":{"line":317,"column":null}},"loc":{"start":{"line":323,"column":14},"end":{"line":385,"column":null}},"line":323},"11":{"name":"convertRGBToRGBA","decl":{"start":{"line":400,"column":16},"end":{"line":400,"column":null}},"loc":{"start":{"line":405,"column":14},"end":{"line":423,"column":null}},"line":405},"12":{"name":"createFrameProcessingContext","decl":{"start":{"line":445,"column":16},"end":{"line":445,"column":71}},"loc":{"start":{"line":445,"column":71},"end":{"line":450,"column":null}},"line":445},"13":{"name":"getFrameDurationMs","decl":{"start":{"line":467,"column":16},"end":{"line":467,"column":null}},"loc":{"start":{"line":471,"column":55},"end":{"line":485,"column":null}},"line":471},"14":{"name":"compute8x8Grayscale","decl":{"start":{"line":494,"column":16},"end":{"line":494,"column":null}},"loc":{"start":{"line":498,"column":14},"end":{"line":510,"column":null}},"line":498},"15":{"name":"computeMAD","decl":{"start":{"line":525,"column":16},"end":{"line":525,"column":27}},"loc":{"start":{"line":525,"column":78},"end":{"line":531,"column":null}},"line":525},"16":{"name":"getSkipThreshold","decl":{"start":{"line":536,"column":16},"end":{"line":536,"column":33}},"loc":{"start":{"line":536,"column":95},"end":{"line":549,"column":null}},"line":536}},"branchMap":{"0":{"loc":{"start":{"line":40,"column":16},"end":{"line":40,"column":null}},"type":"binary-expr","locations":[{"start":{"line":40,"column":16},"end":{"line":40,"column":37}},{"start":{"line":40,"column":37},"end":{"line":40,"column":66}},{"start":{"line":40,"column":66},"end":{"line":40,"column":null}}],"line":40},"1":{"loc":{"start":{"line":41,"column":17},"end":{"line":41,"column":null}},"type":"binary-expr","locations":[{"start":{"line":41,"column":17},"end":{"line":41,"column":39}},{"start":{"line":41,"column":39},"end":{"line":41,"column":69}},{"start":{"line":41,"column":69},"end":{"line":41,"column":null}}],"line":41},"2":{"loc":{"start":{"line":42,"column":2},"end":{"line":42,"column":null}},"type":"if","locations":[{"start":{"line":42,"column":2},"end":{"line":42,"column":null}},{"start":{},"end":{}}],"line":42},"3":{"loc":{"start":{"line":42,"column":6},"end":{"line":42,"column":25}},"type":"binary-expr","locations":[{"start":{"line":42,"column":6},"end":{"line":42,"column":16}},{"start":{"line":42,"column":16},"end":{"line":42,"column":25}}],"line":42},"4":{"loc":{"start":{"line":78,"column":15},"end":{"line":78,"column":null}},"type":"binary-expr","locations":[{"start":{"line":78,"column":15},"end":{"line":78,"column":35}},{"start":{"line":78,"column":35},"end":{"line":78,"column":null}}],"line":78},"5":{"loc":{"start":{"line":79,"column":15},"end":{"line":79,"column":null}},"type":"binary-expr","locations":[{"start":{"line":79,"column":15},"end":{"line":79,"column":36}},{"start":{"line":79,"column":36},"end":{"line":79,"column":null}}],"line":79},"6":{"loc":{"start":{"line":80,"column":23},"end":{"line":80,"column":null}},"type":"binary-expr","locations":[{"start":{"line":80,"column":23},"end":{"line":80,"column":41}},{"start":{"line":80,"column":41},"end":{"line":80,"column":null}}],"line":80},"7":{"loc":{"start":{"line":82,"column":2},"end":{"line":85,"column":null}},"type":"if","locations":[{"start":{"line":82,"column":2},"end":{"line":85,"column":null}},{"start":{},"end":{}}],"line":82},"8":{"loc":{"start":{"line":88,"column":2},"end":{"line":90,"column":null}},"type":"if","locations":[{"start":{"line":88,"column":2},"end":{"line":90,"column":null}},{"start":{},"end":{}}],"line":88},"9":{"loc":{"start":{"line":115,"column":2},"end":{"line":117,"column":null}},"type":"if","locations":[{"start":{"line":115,"column":2},"end":{"line":117,"column":null}},{"start":{},"end":{}}],"line":115},"10":{"loc":{"start":{"line":231,"column":2},"end":{"line":231,"column":null}},"type":"if","locations":[{"start":{"line":231,"column":2},"end":{"line":231,"column":null}},{"start":{},"end":{}}],"line":231},"11":{"loc":{"start":{"line":234,"column":2},"end":{"line":234,"column":null}},"type":"if","locations":[{"start":{"line":234,"column":2},"end":{"line":234,"column":null}},{"start":{},"end":{}}],"line":234},"12":{"loc":{"start":{"line":282,"column":4},"end":{"line":282,"column":null}},"type":"binary-expr","locations":[{"start":{"line":282,"column":4},"end":{"line":282,"column":24}},{"start":{"line":282,"column":24},"end":{"line":282,"column":null}}],"line":282},"13":{"loc":{"start":{"line":283,"column":4},"end":{"line":283,"column":null}},"type":"binary-expr","locations":[{"start":{"line":283,"column":4},"end":{"line":283,"column":25}},{"start":{"line":283,"column":25},"end":{"line":283,"column":null}}],"line":283},"14":{"loc":{"start":{"line":325,"column":21},"end":{"line":325,"column":null}},"type":"binary-expr","locations":[{"start":{"line":325,"column":21},"end":{"line":325,"column":29}},{"start":{"line":325,"column":29},"end":{"line":325,"column":null}}],"line":325},"15":{"loc":{"start":{"line":331,"column":2},"end":{"line":336,"column":null}},"type":"if","locations":[{"start":{"line":331,"column":2},"end":{"line":336,"column":null}},{"start":{},"end":{}}],"line":331},"16":{"loc":{"start":{"line":340,"column":2},"end":{"line":382,"column":null}},"type":"if","locations":[{"start":{"line":340,"column":2},"end":{"line":382,"column":null}},{"start":{"line":362,"column":9},"end":{"line":382,"column":null}}],"line":340},"17":{"loc":{"start":{"line":340,"column":6},"end":{"line":340,"column":78}},"type":"binary-expr","locations":[{"start":{"line":340,"column":6},"end":{"line":340,"column":24}},{"start":{"line":340,"column":24},"end":{"line":340,"column":78}}],"line":340},"18":{"loc":{"start":{"line":343,"column":4},"end":{"line":361,"column":null}},"type":"if","locations":[{"start":{"line":343,"column":4},"end":{"line":361,"column":null}},{"start":{"line":352,"column":11},"end":{"line":361,"column":null}}],"line":343},"19":{"loc":{"start":{"line":343,"column":8},"end":{"line":343,"column":48}},"type":"binary-expr","locations":[{"start":{"line":343,"column":8},"end":{"line":343,"column":29}},{"start":{"line":343,"column":29},"end":{"line":343,"column":48}}],"line":343},"20":{"loc":{"start":{"line":364,"column":4},"end":{"line":381,"column":null}},"type":"if","locations":[{"start":{"line":364,"column":4},"end":{"line":381,"column":null}},{"start":{"line":372,"column":11},"end":{"line":381,"column":null}}],"line":364},"21":{"loc":{"start":{"line":364,"column":8},"end":{"line":364,"column":48}},"type":"binary-expr","locations":[{"start":{"line":364,"column":8},"end":{"line":364,"column":29}},{"start":{"line":364,"column":29},"end":{"line":364,"column":48}}],"line":364},"22":{"loc":{"start":{"line":407,"column":16},"end":{"line":407,"column":40}},"type":"binary-expr","locations":[{"start":{"line":407,"column":16},"end":{"line":407,"column":24}},{"start":{"line":407,"column":24},"end":{"line":407,"column":40}}],"line":407},"23":{"loc":{"start":{"line":473,"column":2},"end":{"line":475,"column":null}},"type":"if","locations":[{"start":{"line":473,"column":2},"end":{"line":475,"column":null}},{"start":{},"end":{}}],"line":473},"24":{"loc":{"start":{"line":473,"column":6},"end":{"line":473,"column":31}},"type":"binary-expr","locations":[{"start":{"line":473,"column":6},"end":{"line":473,"column":21}},{"start":{"line":473,"column":21},"end":{"line":473,"column":31}}],"line":473},"25":{"loc":{"start":{"line":474,"column":25},"end":{"line":474,"column":44}},"type":"binary-expr","locations":[{"start":{"line":474,"column":25},"end":{"line":474,"column":39}},{"start":{"line":474,"column":39},"end":{"line":474,"column":44}}],"line":474},"26":{"loc":{"start":{"line":506,"column":10},"end":{"line":506,"column":32}},"type":"binary-expr","locations":[{"start":{"line":506,"column":10},"end":{"line":506,"column":26}},{"start":{"line":506,"column":26},"end":{"line":506,"column":32}}],"line":506},"27":{"loc":{"start":{"line":506,"column":32},"end":{"line":506,"column":58}},"type":"binary-expr","locations":[{"start":{"line":506,"column":32},"end":{"line":506,"column":52}},{"start":{"line":506,"column":52},"end":{"line":506,"column":58}}],"line":506},"28":{"loc":{"start":{"line":506,"column":58},"end":{"line":506,"column":84}},"type":"binary-expr","locations":[{"start":{"line":506,"column":58},"end":{"line":506,"column":78}},{"start":{"line":506,"column":78},"end":{"line":506,"column":84}}],"line":506},"29":{"loc":{"start":{"line":528,"column":21},"end":{"line":528,"column":41}},"type":"binary-expr","locations":[{"start":{"line":528,"column":21},"end":{"line":528,"column":35}},{"start":{"line":528,"column":35},"end":{"line":528,"column":41}}],"line":528},"30":{"loc":{"start":{"line":528,"column":41},"end":{"line":528,"column":58}},"type":"binary-expr","locations":[{"start":{"line":528,"column":41},"end":{"line":528,"column":56}},{"start":{"line":528,"column":56},"end":{"line":528,"column":58}}],"line":528},"31":{"loc":{"start":{"line":537,"column":2},"end":{"line":548,"column":null}},"type":"switch","locations":[{"start":{"line":538,"column":4},"end":{"line":539,"column":null}},{"start":{"line":540,"column":4},"end":{"line":541,"column":null}},{"start":{"line":542,"column":4},"end":{"line":543,"column":null}},{"start":{"line":544,"column":4},"end":{"line":545,"column":null}},{"start":{"line":546,"column":4},"end":{"line":547,"column":null}}],"line":537}},"s":{"0":0,"1":0,"2":0,"3":0,"4":0,"5":0,"6":0,"7":0,"8":0,"9":0,"10":0,"11":0,"12":0,"13":0,"14":0,"15":0,"16":0,"17":0,"18":0,"19":1,"20":0,"21":0,"22":0,"23":0,"24":0,"25":0,"26":0,"27":0,"28":0,"29":0,"30":0,"31":0,"32":0,"33":0,"34":0,"35":0,"36":0,"37":0,"38":0,"39":0,"40":0,"41":0,"42":0,"43":0,"44":0,"45":0,"46":0,"47":0,"48":0,"49":0,"50":0,"51":0,"52":0,"53":1,"54":0,"55":0,"56":0,"57":0,"58":0,"59":0,"60":0,"61":0,"62":0,"63":0,"64":0,"65":0,"66":0,"67":0,"68":0,"69":0,"70":0,"71":0,"72":0,"73":0,"74":0,"75":0,"76":0,"77":0,"78":0,"79":0,"80":0,"81":0,"82":0,"83":2,"84":2,"85":2,"86":2,"87":2,"88":1,"89":1,"90":1,"91":0,"92":0,"93":0,"94":0,"95":0,"96":0,"97":0,"98":0,"99":0,"100":0,"101":0,"102":0,"103":0,"104":0,"105":0,"106":0,"107":1,"108":1,"109":1,"110":1,"111":1,"112":1,"113":1,"114":1,"115":0,"116":0,"117":0,"118":0,"119":0,"120":0,"121":0,"122":1,"123":0,"124":0,"125":0,"126":0,"127":0,"128":0,"129":0,"130":0,"131":0,"132":0,"133":0,"134":0,"135":0,"136":0,"137":0,"138":0,"139":0,"140":0,"141":0,"142":0,"143":0,"144":0,"145":0,"146":0,"147":0,"148":0,"149":0,"150":0,"151":0,"152":0,"153":0,"154":0,"155":0,"156":0,"157":0,"158":0,"159":0,"160":0,"161":0,"162":0},"f":{"0":0,"1":0,"2":0,"3":0,"4":0,"5":0,"6":0,"7":0,"8":0,"9":0,"10":2,"11":0,"12":0,"13":0,"14":0,"15":0,"16":0},"b":{"0":[0,0,0],"1":[0,0,0],"2":[0,0],"3":[0,0],"4":[0,0],"5":[0,0],"6":[0,0],"7":[0,0],"8":[0,0],"9":[0,0],"10":[0,0],"11":[0,0],"12":[0,0],"13":[0,0],"14":[2,0],"15":[1,1],"16":[0,1],"17":[1,1],"18":[0,0],"19":[0,0],"20":[1,0],"21":[1,0],"22":[0,0],"23":[0,0],"24":[0,0],"25":[0,0],"26":[0,0],"27":[0,0],"28":[0,0],"29":[0,0],"30":[0,0],"31":[0,0,0,0,0]},"meta":{"lastBranch":32,"lastFunction":17,"lastStatement":163,"seen":{"f:37:16:37:Infinity":0,"s:40:16:40:Infinity":0,"b:40:16:40:37:40:37:40:66:40:66:40:Infinity":0,"s:41:17:41:Infinity":1,"b:41:17:41:39:41:39:41:69:41:69:41:Infinity":1,"b:42:2:42:Infinity:undefined:undefined:undefined:undefined":2,"s:42:2:42:Infinity":2,"b:42:6:42:16:42:16:42:25":3,"s:42:25:42:Infinity":3,"s:43:2:43:Infinity":4,"f:67:22:67:Infinity":1,"s:78:15:78:Infinity":5,"b:78:15:78:35:78:35:78:Infinity":4,"s:79:15:79:Infinity":6,"b:79:15:79:36:79:36:79:Infinity":5,"s:80:23:80:Infinity":7,"b:80:23:80:41:80:41:80:Infinity":6,"b:82:2:85:Infinity:undefined:undefined:undefined:undefined":7,"s:82:2:85:Infinity":8,"s:83:4:83:Infinity":9,"s:84:4:84:Infinity":10,"b:88:2:90:Infinity:undefined:undefined:undefined:undefined":8,"s:88:2:90:Infinity":11,"s:89:4:89:Infinity":12,"s:94:2:100:Infinity":13,"s:95:19:95:Infinity":14,"s:96:4:96:Infinity":15,"s:97:4:97:Infinity":16,"s:103:2:103:Infinity":17,"s:104:2:104:Infinity":18,"s:112:26:112:Infinity":19,"f:114:16:114:45":2,"b:115:2:117:Infinity:undefined:undefined:undefined:undefined":9,"s:115:2:117:Infinity":20,"s:116:4:116:Infinity":21,"s:118:2:118:Infinity":22,"f:118:13:118:22":3,"s:118:34:118:56":23,"f:132:15:132:Infinity":4,"s:137:15:141:Infinity":24,"s:142:17:142:Infinity":25,"s:143:2:164:Infinity":26,"s:144:4:148:Infinity":27,"s:151:23:151:Infinity":28,"s:152:16:152:Infinity":29,"s:153:18:153:Infinity":30,"s:154:4:160:Infinity":31,"s:154:17:154:20":32,"s:155:16:155:Infinity":33,"s:156:21:156:Infinity":34,"s:157:6:157:Infinity":35,"s:158:6:158:Infinity":36,"s:159:6:159:Infinity":37,"s:161:4:161:Infinity":38,"s:163:4:163:Infinity":39,"f:168:15:168:Infinity":5,"s:174:2:178:Infinity":40,"s:175:4:175:Infinity":41,"s:180:71:185:Infinity":42,"s:187:2:209:Infinity":43,"s:188:4:208:Infinity":44,"s:189:19:192:Infinity":45,"s:193:21:193:Infinity":46,"s:194:6:205:Infinity":47,"s:195:8:199:Infinity":48,"s:201:20:201:Infinity":49,"s:202:8:202:Infinity":50,"s:204:8:204:Infinity":51,"s:210:2:210:Infinity":52,"s:226:26:226:Infinity":53,"f:228:9:228:27":6,"s:229:14:229:Infinity":54,"s:230:17:230:Infinity":55,"b:231:2:231:Infinity:undefined:undefined:undefined:undefined":10,"s:231:2:231:Infinity":56,"s:231:14:231:Infinity":57,"s:232:17:232:Infinity":58,"s:233:14:233:Infinity":59,"b:234:2:234:Infinity:undefined:undefined:undefined:undefined":11,"s:234:2:234:Infinity":60,"s:234:12:234:Infinity":61,"s:235:30:235:Infinity":62,"s:236:2:236:Infinity":63,"s:237:2:237:Infinity":64,"f:241:16:241:41":7,"s:242:2:245:Infinity":65,"s:243:4:243:Infinity":66,"s:244:4:244:Infinity":67,"s:246:2:246:Infinity":68,"f:249:15:249:Infinity":8,"s:254:18:254:Infinity":69,"s:257:2:257:Infinity":70,"s:261:2:276:Infinity":71,"s:262:19:266:Infinity":72,"s:267:4:273:Infinity":73,"s:268:6:268:Infinity":74,"s:269:24:269:Infinity":75,"s:270:6:270:Infinity":76,"s:272:6:272:Infinity":77,"s:278:2:288:Infinity":78,"b:282:4:282:24:282:24:282:Infinity":12,"b:283:4:283:25:283:25:283:Infinity":13,"s:290:20:290:Infinity":79,"s:291:2:291:Infinity":80,"f:294:9:294:31":9,"s:297:15:301:Infinity":81,"s:302:2:302:Infinity":82,"f:317:16:317:Infinity":10,"s:324:21:324:Infinity":83,"s:325:21:325:Infinity":84,"b:325:21:325:29:325:29:325:Infinity":14,"s:326:14:326:Infinity":85,"s:330:21:330:Infinity":86,"b:331:2:336:Infinity:undefined:undefined:undefined:undefined":15,"s:331:2:336:Infinity":87,"s:332:4:332:Infinity":88,"s:333:4:335:Infinity":89,"b:340:2:382:Infinity:362:9:382:Infinity":16,"s:340:2:382:Infinity":90,"b:340:6:340:24:340:24:340:78":17,"s:342:18:342:Infinity":91,"b:343:4:361:Infinity:352:11:361:Infinity":18,"s:343:4:361:Infinity":92,"b:343:8:343:29:343:29:343:48":19,"s:345:6:351:Infinity":93,"s:345:19:345:22":94,"s:346:18:346:Infinity":95,"s:347:23:347:Infinity":96,"s:348:8:348:Infinity":97,"s:349:8:349:Infinity":98,"s:350:8:350:Infinity":99,"s:354:6:360:Infinity":100,"s:354:19:354:22":101,"s:355:18:355:Infinity":102,"s:356:23:356:Infinity":103,"s:357:8:357:Infinity":104,"s:358:8:358:Infinity":105,"s:359:8:359:Infinity":106,"b:364:4:381:Infinity:372:11:381:Infinity":20,"s:364:4:381:Infinity":107,"b:364:8:364:29:364:29:364:48":21,"s:365:6:371:Infinity":108,"s:365:19:365:22":109,"s:366:23:366:Infinity":110,"s:367:23:367:Infinity":111,"s:368:8:368:Infinity":112,"s:369:8:369:Infinity":113,"s:370:8:370:Infinity":114,"s:374:6:380:Infinity":115,"s:374:19:374:22":116,"s:375:23:375:Infinity":117,"s:376:23:376:Infinity":118,"s:377:8:377:Infinity":119,"s:378:8:378:Infinity":120,"s:379:8:379:Infinity":121,"s:384:2:384:Infinity":122,"f:400:16:400:Infinity":11,"s:406:21:406:Infinity":123,"s:407:8:407:Infinity":124,"b:407:16:407:24:407:24:407:40":22,"s:410:17:410:Infinity":125,"s:414:2:420:Infinity":126,"s:414:15:414:18":127,"s:415:19:415:Infinity":128,"s:416:14:416:Infinity":129,"s:417:14:417:Infinity":130,"s:418:14:418:Infinity":131,"s:419:4:419:Infinity":132,"s:422:2:422:Infinity":133,"f:445:16:445:71":12,"s:446:2:449:Infinity":134,"f:467:16:467:Infinity":13,"s:472:14:472:Infinity":135,"b:473:2:475:Infinity:undefined:undefined:undefined:undefined":23,"s:473:2:475:Infinity":136,"b:473:6:473:21:473:21:473:31":24,"s:474:4:474:Infinity":137,"b:474:25:474:39:474:39:474:44":25,"s:477:18:477:Infinity":138,"s:478:13:478:Infinity":139,"s:480:19:480:Infinity":140,"s:481:2:484:Infinity":141,"f:494:16:494:Infinity":14,"s:499:15:499:Infinity":142,"s:500:2:508:Infinity":143,"s:500:15:500:18":144,"s:501:4:507:Infinity":145,"s:501:17:501:20":146,"s:502:19:502:Infinity":147,"s:503:19:503:Infinity":148,"s:504:12:504:Infinity":149,"s:505:6:506:Infinity":150,"b:506:10:506:26:506:26:506:32":26,"b:506:32:506:52:506:52:506:58":27,"b:506:58:506:78:506:78:506:84":28,"s:509:2:509:Infinity":151,"f:525:16:525:27":15,"s:526:12:526:Infinity":152,"s:527:2:529:Infinity":153,"s:527:15:527:18":154,"s:528:4:528:Infinity":155,"b:528:21:528:35:528:35:528:41":29,"b:528:41:528:56:528:56:528:58":30,"s:530:2:530:Infinity":156,"f:536:16:536:33":16,"b:538:4:539:Infinity:540:4:541:Infinity:542:4:543:Infinity:544:4:545:Infinity:546:4:547:Infinity":31,"s:537:2:548:Infinity":157,"s:539:6:539:Infinity":158,"s:541:6:541:Infinity":159,"s:543:6:543:Infinity":160,"s:545:6:545:Infinity":161,"s:547:6:547:Infinity":162},"fnNames":{}}}
,"/home/piesp/projects/wasm-motion-converter/src/stores/confirmation-store.ts": {"path":"/home/piesp/projects/wasm-motion-converter/src/stores/confirmation-store.ts","statementMap":{"0":{"start":{"line":18,"column":50},"end":{"line":21,"column":null}},"1":{"start":{"line":23,"column":13},"end":{"line":23,"column":null}},"2":{"start":{"line":23,"column":42},"end":{"line":23,"column":null}},"3":{"start":{"line":26,"column":22},"end":{"line":26,"column":null}},"4":{"start":{"line":28,"column":13},"end":{"line":55,"column":null}},"5":{"start":{"line":39,"column":2},"end":{"line":39,"column":null}},"6":{"start":{"line":40,"column":26},"end":{"line":40,"column":null}},"7":{"start":{"line":40,"column":49},"end":{"line":40,"column":71}},"8":{"start":{"line":41,"column":2},"end":{"line":45,"column":null}},"9":{"start":{"line":43,"column":4},"end":{"line":43,"column":null}},"10":{"start":{"line":44,"column":4},"end":{"line":44,"column":null}},"11":{"start":{"line":46,"column":2},"end":{"line":54,"column":null}},"12":{"start":{"line":57,"column":13},"end":{"line":63,"column":null}},"13":{"start":{"line":58,"column":2},"end":{"line":58,"column":null}},"14":{"start":{"line":58,"column":23},"end":{"line":58,"column":null}},"15":{"start":{"line":59,"column":2},"end":{"line":59,"column":null}},"16":{"start":{"line":60,"column":16},"end":{"line":60,"column":null}},"17":{"start":{"line":61,"column":2},"end":{"line":61,"column":null}},"18":{"start":{"line":62,"column":2},"end":{"line":62,"column":null}},"19":{"start":{"line":65,"column":13},"end":{"line":71,"column":null}},"20":{"start":{"line":66,"column":2},"end":{"line":66,"column":null}},"21":{"start":{"line":66,"column":23},"end":{"line":66,"column":null}},"22":{"start":{"line":67,"column":2},"end":{"line":67,"column":null}},"23":{"start":{"line":68,"column":16},"end":{"line":68,"column":null}},"24":{"start":{"line":69,"column":2},"end":{"line":69,"column":null}},"25":{"start":{"line":70,"column":2},"end":{"line":70,"column":null}},"26":{"start":{"line":74,"column":13},"end":{"line":89,"column":null}},"27":{"start":{"line":75,"column":16},"end":{"line":75,"column":null}},"28":{"start":{"line":76,"column":2},"end":{"line":78,"column":null}},"29":{"start":{"line":77,"column":4},"end":{"line":77,"column":null}},"30":{"start":{"line":79,"column":2},"end":{"line":87,"column":null}},"31":{"start":{"line":80,"column":4},"end":{"line":80,"column":null}},"32":{"start":{"line":84,"column":4},"end":{"line":86,"column":null}},"33":{"start":{"line":88,"column":2},"end":{"line":88,"column":null}}},"fnMap":{"0":{"name":"(anonymous_0)","decl":{"start":{"line":23,"column":13},"end":{"line":23,"column":42}},"loc":{"start":{"line":23,"column":42},"end":{"line":23,"column":null}},"line":23},"1":{"name":"(anonymous_1)","decl":{"start":{"line":28,"column":13},"end":{"line":28,"column":null}},"loc":{"start":{"line":37,"column":11},"end":{"line":55,"column":null}},"line":37},"2":{"name":"(anonymous_2)","decl":{"start":{"line":40,"column":35},"end":{"line":40,"column":43}},"loc":{"start":{"line":40,"column":49},"end":{"line":40,"column":71}},"line":40},"3":{"name":"(anonymous_3)","decl":{"start":{"line":57,"column":13},"end":{"line":57,"column":41}},"loc":{"start":{"line":57,"column":41},"end":{"line":63,"column":null}},"line":57},"4":{"name":"(anonymous_4)","decl":{"start":{"line":65,"column":13},"end":{"line":65,"column":40}},"loc":{"start":{"line":65,"column":40},"end":{"line":71,"column":null}},"line":65},"5":{"name":"(anonymous_5)","decl":{"start":{"line":74,"column":13},"end":{"line":74,"column":47}},"loc":{"start":{"line":74,"column":47},"end":{"line":89,"column":null}},"line":74}},"branchMap":{"0":{"loc":{"start":{"line":41,"column":2},"end":{"line":45,"column":null}},"type":"if","locations":[{"start":{"line":41,"column":2},"end":{"line":45,"column":null}},{"start":{},"end":{}}],"line":41},"1":{"loc":{"start":{"line":58,"column":2},"end":{"line":58,"column":null}},"type":"if","locations":[{"start":{"line":58,"column":2},"end":{"line":58,"column":null}},{"start":{},"end":{}}],"line":58},"2":{"loc":{"start":{"line":66,"column":2},"end":{"line":66,"column":null}},"type":"if","locations":[{"start":{"line":66,"column":2},"end":{"line":66,"column":null}},{"start":{},"end":{}}],"line":66},"3":{"loc":{"start":{"line":76,"column":2},"end":{"line":78,"column":null}},"type":"if","locations":[{"start":{"line":76,"column":2},"end":{"line":78,"column":null}},{"start":{},"end":{}}],"line":76},"4":{"loc":{"start":{"line":85,"column":13},"end":{"line":85,"column":null}},"type":"cond-expr","locations":[{"start":{"line":85,"column":36},"end":{"line":85,"column":50}},{"start":{"line":85,"column":50},"end":{"line":85,"column":null}}],"line":85}},"s":{"0":1,"1":1,"2":5,"3":1,"4":1,"5":5,"6":5,"7":6,"8":5,"9":1,"10":1,"11":4,"12":1,"13":2,"14":1,"15":1,"16":1,"17":1,"18":1,"19":1,"20":2,"21":1,"22":1,"23":1,"24":1,"25":1,"26":1,"27":7,"28":7,"29":5,"30":2,"31":2,"32":1,"33":2},"f":{"0":5,"1":5,"2":6,"3":2,"4":2,"5":7},"b":{"0":[1,4],"1":[1,1],"2":[1,1],"3":[5,2],"4":[1,0]},"meta":{"lastBranch":5,"lastFunction":6,"lastStatement":34,"seen":{"s:18:50:21:Infinity":0,"s:23:13:23:Infinity":1,"f:23:13:23:42":0,"s:23:42:23:Infinity":2,"s:26:22:26:Infinity":3,"s:28:13:55:Infinity":4,"f:28:13:28:Infinity":1,"s:39:2:39:Infinity":5,"s:40:26:40:Infinity":6,"f:40:35:40:43":2,"s:40:49:40:71":7,"b:41:2:45:Infinity:undefined:undefined:undefined:undefined":0,"s:41:2:45:Infinity":8,"s:43:4:43:Infinity":9,"s:44:4:44:Infinity":10,"s:46:2:54:Infinity":11,"s:57:13:63:Infinity":12,"f:57:13:57:41":3,"b:58:2:58:Infinity:undefined:undefined:undefined:undefined":1,"s:58:2:58:Infinity":13,"s:58:23:58:Infinity":14,"s:59:2:59:Infinity":15,"s:60:16:60:Infinity":16,"s:61:2:61:Infinity":17,"s:62:2:62:Infinity":18,"s:65:13:71:Infinity":19,"f:65:13:65:40":4,"b:66:2:66:Infinity:undefined:undefined:undefined:undefined":2,"s:66:2:66:Infinity":20,"s:66:23:66:Infinity":21,"s:67:2:67:Infinity":22,"s:68:16:68:Infinity":23,"s:69:2:69:Infinity":24,"s:70:2:70:Infinity":25,"s:74:13:89:Infinity":26,"f:74:13:74:47":5,"s:75:16:75:Infinity":27,"b:76:2:78:Infinity:undefined:undefined:undefined:undefined":3,"s:76:2:78:Infinity":28,"s:77:4:77:Infinity":29,"s:79:2:87:Infinity":30,"s:80:4:80:Infinity":31,"s:84:4:86:Infinity":32,"b:85:36:85:50:85:50:85:Infinity":4,"s:88:2:88:Infinity":33},"fnNames":{}}}
,"/home/piesp/projects/wasm-motion-converter/src/stores/conversion-settings-constants.ts": {"path":"/home/piesp/projects/wasm-motion-converter/src/stores/conversion-settings-constants.ts","statementMap":{"0":{"start":{"line":5,"column":50},"end":{"line":5,"column":null}},"1":{"start":{"line":8,"column":47},"end":{"line":8,"column":null}}},"fnMap":{},"branchMap":{},"s":{"0":28,"1":28},"f":{},"b":{},"meta":{"lastBranch":0,"lastFunction":0,"lastStatement":2,"seen":{"s:5:50:5:Infinity":0,"s:8:47:8:Infinity":1},"fnNames":{}}}
[...]
ed:undefined:undefined:undefined":4,"s:64:4:64:Infinity":14,"s:64:34:64:Infinity":15,"b:65:4:65:Infinity:undefined:undefined:undefined:undefined":5,"s:65:4:65:Infinity":16,"s:65:33:65:Infinity":17,"b:66:4:66:Infinity:undefined:undefined:undefined:undefined":6,"s:66:4:66:Infinity":18,"s:66:27:66:Infinity":19,"b:67:4:70:Infinity:undefined:undefined:undefined:undefined":7,"s:67:4:70:Infinity":20,"b:67:8:67:33:67:33:67:45":8,"b:68:6:68:Infinity:undefined:undefined:undefined:undefined":9,"s:68:6:68:Infinity":21,"s:68:33:68:Infinity":22,"s:69:6:69:Infinity":23,"s:71:4:71:Infinity":24,"s:73:2:77:Infinity":25,"s:74:4:74:Infinity":26,"b:74:11:74:46:74:46:74:Infinity":10,"s:76:4:76:Infinity":27,"s:82:34:82:Infinity":28,"s:83:38:83:Infinity":29,"s:84:46:84:Infinity":30,"s:85:42:85:Infinity":31,"f:87:2:87:14":2,"b:87:22:87:62":11,"s:88:4:88:Infinity":32,"f:91:2:91:24":3,"b:92:4:92:Infinity:undefined:undefined:undefined:undefined":12,"s:92:4:92:Infinity":33,"s:92:36:92:Infinity":34,"s:93:20:93:Infinity":35,"b:94:4:97:Infinity:undefined:undefined:undefined:undefined":13,"s:94:4:97:Infinity":36,"s:95:6:95:Infinity":37,"s:96:6:96:Infinity":38,"s:98:4:98:Infinity":39,"s:99:4:99:Infinity":40,"f:102:2:102:34":4,"s:103:4:103:Infinity":41,"s:104:4:104:Infinity":42,"f:107:2:107:10":5,"b:108:4:108:Infinity:undefined:undefined:undefined:undefined":14,"s:108:4:108:Infinity":43,"b:108:8:108:35:108:35:108:69":15,"s:108:69:108:Infinity":44,"b:109:4:112:Infinity:undefined:undefined:undefined:undefined":16,"s:109:4:112:Infinity":45,"s:110:6:110:Infinity":46,"s:111:6:111:Infinity":47,"s:113:4:113:Infinity":48,"f:116:2:116:10":6,"s:118:23:118:Infinity":49,"b:119:4:126:Infinity:undefined:undefined:undefined:undefined":17,"s:119:4:126:Infinity":50,"b:120:6:120:Infinity:121:6:121:Infinity:122:7:122:28:122:28:122:Infinity:123:6:123:Infinity":18,"s:125:6:125:Infinity":51,"s:128:37:128:Infinity":52,"b:128:65:128:74:128:74:128:Infinity":19,"b:128:37:128:52:128:52:128:65":20,"s:130:16:130:Infinity":53,"s:131:15:131:Infinity":54,"s:132:21:132:Infinity":55,"s:134:6:134:Infinity":56,"b:134:26:134:52:134:52:134:Infinity":21,"s:136:18:146:Infinity":57,"f:136:18:136:41":7,"b:137:6:139:Infinity:undefined:undefined:undefined:undefined":22,"s:137:6:139:Infinity":58,"s:138:8:138:Infinity":59,"s:140:18:140:Infinity":60,"s:142:8:144:Infinity":61,"b:143:12:143:Infinity:144:12:144:Infinity":23,"s:145:6:145:Infinity":62,"s:148:28:158:Infinity":63,"s:161:6:167:Infinity":64,"b:162:10:162:Infinity:163:10:167:Infinity":24,"b:164:12:164:Infinity:165:12:167:Infinity":25,"b:166:14:166:Infinity:167:14:167:Infinity":26,"s:168:4:168:Infinity":65,"s:170:4:170:Infinity":66,"s:171:4:171:Infinity":67,"b:172:4:183:Infinity:undefined:undefined:undefined:undefined":27,"s:172:4:183:Infinity":68,"s:174:23:174:Infinity":69,"f:174:42:174:53":8,"s:174:59:174:96":70,"b:175:6:182:Infinity:178:13:182:Infinity":28,"s:175:6:182:Infinity":71,"s:176:8:176:Infinity":72,"s:177:8:177:Infinity":73,"s:180:8:180:Infinity":74,"s:181:8:181:Infinity":75,"f:186:2:186:28":9,"s:187:4:187:Infinity":76,"f:189:2:189:33":10,"s:190:4:190:Infinity":77,"f:193:2:193:26":11,"s:194:4:194:Infinity":78,"s:195:4:195:Infinity":79,"f:198:2:198:8":12,"s:199:4:199:Infinity":80,"f:201:2:201:7":13,"s:202:4:202:Infinity":81,"f:204:2:204:7":14,"s:205:4:205:Infinity":82,"f:207:2:207:8":15,"s:208:4:208:Infinity":83,"f:210:2:210:14":16,"s:211:4:211:Infinity":84,"s:215:22:215:Infinity":85},"fnNames":{}}}
,"/home/piesp/projects/wasm-motion-converter/src/utils/memory-info.ts": {"path":"/home/piesp/projects/wasm-motion-converter/src/utils/memory-info.ts","statementMap":{"0":{"start":{"line":28,"column":2},"end":{"line":42,"column":null}},"1":{"start":{"line":29,"column":19},"end":{"line":29,"column":null}},"2":{"start":{"line":34,"column":28},"end":{"line":34,"column":null}},"3":{"start":{"line":35,"column":4},"end":{"line":41,"column":null}},"4":{"start":{"line":44,"column":26},"end":{"line":44,"column":null}},"5":{"start":{"line":45,"column":2},"end":{"line":56,"column":null}},"6":{"start":{"line":48,"column":28},"end":{"line":48,"column":null}},"7":{"start":{"line":49,"column":4},"end":{"line":55,"column":null}},"8":{"start":{"line":58,"column":2},"end":{"line":58,"column":null}}},"fnMap":{"0":{"name":"getMemoryInfo","decl":{"start":{"line":27,"column":16},"end":{"line":27,"column":51}},"loc":{"start":{"line":27,"column":51},"end":{"line":59,"column":null}},"line":27}},"branchMap":{"0":{"loc":{"start":{"line":28,"column":2},"end":{"line":42,"column":null}},"type":"if","locations":[{"start":{"line":28,"column":2},"end":{"line":42,"column":null}},{"start":{},"end":{}}],"line":28},"1":{"loc":{"start":{"line":28,"column":6},"end":{"line":28,"column":53}},"type":"binary-expr","locations":[{"start":{"line":28,"column":6},"end":{"line":28,"column":33}},{"start":{"line":28,"column":33},"end":{"line":28,"column":53}}],"line":28},"2":{"loc":{"start":{"line":40,"column":22},"end":{"line":40,"column":null}},"type":"cond-expr","locations":[{"start":{"line":40,"column":59},"end":{"line":40,"column":76}},{"start":{"line":40,"column":76},"end":{"line":40,"column":null}}],"line":40},"3":{"loc":{"start":{"line":45,"column":2},"end":{"line":56,"column":null}},"type":"if","locations":[{"start":{"line":45,"column":2},"end":{"line":56,"column":null}},{"start":{},"end":{}}],"line":45},"4":{"loc":{"start":{"line":45,"column":6},"end":{"line":45,"column":64}},"type":"binary-expr","locations":[{"start":{"line":45,"column":6},"end":{"line":45,"column":44}},{"start":{"line":45,"column":44},"end":{"line":45,"column":64}}],"line":45}},"s":{"0":5,"1":2,"2":2,"3":2,"4":3,"5":3,"6":1,"7":1,"8":2},"f":{"0":5},"b":{"0":[2,3],"1":[5,2],"2":[1,1],"3":[1,2],"4":[3,2]},"meta":{"lastBranch":5,"lastFunction":1,"lastStatement":9,"seen":{"f:27:16:27:51":0,"b:28:2:42:Infinity:undefined:undefined:undefined:undefined":0,"s:28:2:42:Infinity":0,"b:28:6:28:33:28:33:28:53":1,"s:29:19:29:Infinity":1,"s:34:28:34:Infinity":2,"s:35:4:41:Infinity":3,"b:40:59:40:76:40:76:40:Infinity":2,"s:44:26:44:Infinity":4,"b:45:2:56:Infinity:undefined:undefined:undefined:undefined":3,"s:45:2:56:Infinity":5,"b:45:6:45:44:45:44:45:64":4,"s:48:28:48:Infinity":6,"s:49:4:55:Infinity":7,"s:58:2:58:Infinity":8},"fnNames":{}}}
,"/home/piesp/projects/wasm-motion-converter/src/utils/memory-monitor.ts": {"path":"/home/piesp/projects/wasm-motion-converter/src/utils/memory-monitor.ts","statementMap":{"0":{"start":{"line":29,"column":2},"end":{"line":29,"column":null}},"1":{"start":{"line":36,"column":18},"end":{"line":36,"column":null}},"2":{"start":{"line":37,"column":2},"end":{"line":37,"column":null}},"3":{"start":{"line":37,"column":16},"end":{"line":37,"column":null}},"4":{"start":{"line":38,"column":2},"end":{"line":38,"column":null}},"5":{"start":{"line":45,"column":18},"end":{"line":45,"column":null}},"6":{"start":{"line":46,"column":2},"end":{"line":46,"column":null}},"7":{"start":{"line":46,"column":16},"end":{"line":46,"column":null}},"8":{"start":{"line":47,"column":2},"end":{"line":47,"column":null}},"9":{"start":{"line":71,"column":24},"end":{"line":71,"column":null}},"10":{"start":{"line":74,"column":25},"end":{"line":74,"column":null}},"11":{"start":{"line":75,"column":22},"end":{"line":75,"column":null}},"12":{"start":{"line":77,"column":22},"end":{"line":77,"column":null}},"13":{"start":{"line":78,"column":23},"end":{"line":78,"column":null}},"14":{"start":{"line":80,"column":26},"end":{"line":80,"column":null}},"15":{"start":{"line":81,"column":21},"end":{"line":81,"column":null}},"16":{"start":{"line":82,"column":2},"end":{"line":82,"column":null}},"17":{"start":{"line":95,"column":22},"end":{"line":95,"column":null}},"18":{"start":{"line":96,"column":18},"end":{"line":96,"column":null}},"19":{"start":{"line":97,"column":22},"end":{"line":99,"column":null}},"20":{"start":{"line":101,"column":2},"end":{"line":103,"column":null}},"21":{"start":{"line":102,"column":4},"end":{"line":102,"column":null}},"22":{"start":{"line":104,"column":2},"end":{"line":106,"column":null}},"23":{"start":{"line":105,"column":4},"end":{"line":105,"column":null}},"24":{"start":{"line":107,"column":2},"end":{"line":107,"column":null}}},"fnMap":{"0":{"name":"getMemoryInfo","decl":{"start":{"line":28,"column":16},"end":{"line":28,"column":75}},"loc":{"start":{"line":28,"column":75},"end":{"line":30,"column":null}},"line":28},"1":{"name":"isMemoryCritical","decl":{"start":{"line":35,"column":16},"end":{"line":35,"column":44}},"loc":{"start":{"line":35,"column":44},"end":{"line":39,"column":null}},"line":35},"2":{"name":"getMemoryUsageMB","decl":{"start":{"line":44,"column":16},"end":{"line":44,"column":50}},"loc":{"start":{"line":44,"column":50},"end":{"line":48,"column":null}},"line":44},"3":{"name":"estimatePeakMemoryMB","decl":{"start":{"line":65,"column":9},"end":{"line":65,"column":null}},"loc":{"start":{"line":70,"column":10},"end":{"line":83,"column":null}},"line":70},"4":{"name":"checkMemoryForConversion","decl":{"start":{"line":89,"column":16},"end":{"line":89,"column":null}},"loc":{"start":{"line":94,"column":86},"end":{"line":108,"column":null}},"line":94}},"branchMap":{"0":{"loc":{"start":{"line":37,"column":2},"end":{"line":37,"column":null}},"type":"if","locations":[{"start":{"line":37,"column":2},"end":{"line":37,"column":null}},{"start":{},"end":{}}],"line":37},"1":{"loc":{"start":{"line":46,"column":2},"end":{"line":46,"column":null}},"type":"if","locations":[{"start":{"line":46,"column":2},"end":{"line":46,"column":null}},{"start":{},"end":{}}],"line":46},"2":{"loc":{"start":{"line":74,"column":25},"end":{"line":74,"column":null}},"type":"cond-expr","locations":[{"start":{"line":74,"column":44},"end":{"line":74,"column":48}},{"start":{"line":74,"column":48},"end":{"line":74,"column":null}}],"line":74},"3":{"loc":{"start":{"line":77,"column":22},"end":{"line":77,"column":null}},"type":"cond-expr","locations":[{"start":{"line":77,"column":41},"end":{"line":77,"column":47}},{"start":{"line":77,"column":47},"end":{"line":77,"column":null}}],"line":77},"4":{"loc":{"start":{"line":97,"column":22},"end":{"line":99,"column":null}},"type":"cond-expr","locations":[{"start":{"line":98,"column":6},"end":{"line":98,"column":null}},{"start":{"line":99,"column":6},"end":{"line":99,"column":null}}],"line":97},"5":{"loc":{"start":{"line":101,"column":2},"end":{"line":103,"column":null}},"type":"if","locations":[{"start":{"line":101,"column":2},"end":{"line":103,"column":null}},{"start":{},"end":{}}],"line":101},"6":{"loc":{"start":{"line":104,"column":2},"end":{"line":106,"column":null}},"type":"if","locations":[{"start":{"line":104,"column":2},"end":{"line":106,"column":null}},{"start":{},"end":{}}],"line":104}},"s":{"0":10,"1":2,"2":2,"3":1,"4":1,"5":2,"6":2,"7":1,"8":1,"9":3,"10":3,"11":3,"12":3,"13":3,"14":3,"15":3,"16":3,"17":3,"18":3,"19":3,"20":3,"21":1,"22":2,"23":1,"24":1},"f":{"0":10,"1":2,"2":2,"3":3,"4":3},"b":{"0":[1,1],"1":[1,1],"2":[2,1],"3":[2,1],"4":[2,1],"5":[1,2],"6":[1,1]},"meta":{"lastBranch":7,"lastFunction":5,"lastStatement":25,"seen":{"f:28:16:28:75":0,"s:29:2:29:Infinity":0,"f:35:16:35:44":1,"s:36:18:36:Infinity":1,"b:37:2:37:Infinity:undefined:undefined:undefined:undefined":0,"s:37:2:37:Infinity":2,"s:37:16:37:Infinity":3,"s:38:2:38:Infinity":4,"f:44:16:44:50":2,"s:45:18:45:Infinity":5,"b:46:2:46:Infinity:undefined:undefined:undefined:undefined":1,"s:46:2:46:Infinity":6,"s:46:16:46:Infinity":7,"s:47:2:47:Infinity":8,"f:65:9:65:Infinity":3,"s:71:24:71:Infinity":9,"s:74:25:74:Infinity":10,"b:74:44:74:48:74:48:74:Infinity":2,"s:75:22:75:Infinity":11,"s:77:22:77:Infinity":12,"b:77:41:77:47:77:47:77:Infinity":3,"s:78:23:78:Infinity":13,"s:80:26:80:Infinity":14,"s:81:21:81:Infinity":15,"s:82:2:82:Infinity":16,"f:89:16:89:Infinity":4,"s:95:22:95:Infinity":17,"s:96:18:96:Infinity":18,"s:97:22:99:Infinity":19,"b:98:6:98:Infinity:99:6:99:Infinity":4,"b:101:2:103:Infinity:undefined:undefined:undefined:undefined":5,"s:101:2:103:Infinity":20,"s:102:4:102:Infinity":21,"b:104:2:106:Infinity:undefined:undefined:undefined:undefined":6,"s:104:2:106:Infinity":22,"s:105:4:105:Infinity":23,"s:107:2:107:Infinity":24},"fnNames":{}}}
,"/home/piesp/projects/wasm-motion-converter/src/utils/throttled-progress.ts": {"path":"/home/piesp/projects/wasm-motion-converter/src/utils/throttled-progress.ts","statementMap":{"0":{"start":{"line":20,"column":21},"end":{"line":20,"column":null}},"1":{"start":{"line":21,"column":41},"end":{"line":21,"column":null}},"2":{"start":{"line":22,"column":18},"end":{"line":22,"column":null}},"3":{"start":{"line":23,"column":54},"end":{"line":23,"column":null}},"4":{"start":{"line":24,"column":17},"end":{"line":24,"column":null}},"5":{"start":{"line":26,"column":8},"end":{"line":37,"column":null}},"6":{"start":{"line":27,"column":4},"end":{"line":27,"column":null}},"7":{"start":{"line":27,"column":18},"end":{"line":27,"column":null}},"8":{"start":{"line":28,"column":4},"end":{"line":30,"column":null}},"9":{"start":{"line":29,"column":6},"end":{"line":29,"column":null}},"10":{"start":{"line":31,"column":4},"end":{"line":31,"column":null}},"11":{"start":{"line":32,"column":4},"end":{"line":32,"column":null}},"12":{"start":{"line":33,"column":4},"end":{"line":36,"column":null}},"13":{"start":{"line":34,"column":6},"end":{"line":34,"column":null}},"14":{"start":{"line":35,"column":6},"end":{"line":35,"column":null}},"15":{"start":{"line":39,"column":8},"end":{"line":47,"column":null}},"16":{"start":{"line":40,"column":4},"end":{"line":40,"column":null}},"17":{"start":{"line":41,"column":4},"end":{"line":44,"column":null}},"18":{"start":{"line":42,"column":6},"end":{"line":42,"column":null}},"19":{"start":{"line":43,"column":6},"end":{"line":43,"column":null}},"20":{"start":{"line":45,"column":4},"end":{"line":45,"column":null}},"21":{"start":{"line":46,"column":4},"end":{"line":46,"column":null}},"22":{"start":{"line":49,"column":8},"end":{"line":68,"column":null}},"23":{"start":{"line":50,"column":4},"end":{"line":50,"column":null}},"24":{"start":{"line":50,"column":18},"end":{"line":50,"column":null}},"25":{"start":{"line":51,"column":16},"end":{"line":51,"column":null}},"26":{"start":{"line":52,"column":20},"end":{"line":52,"column":null}},"27":{"start":{"line":54,"column":4},"end":{"line":67,"column":null}},"28":{"start":{"line":55,"column":6},"end":{"line":55,"column":null}},"29":{"start":{"line":56,"column":6},"end":{"line":56,"column":null}},"30":{"start":{"line":59,"column":6},"end":{"line":62,"column":null}},"31":{"start":{"line":60,"column":8},"end":{"line":60,"column":null}},"32":{"start":{"line":61,"column":8},"end":{"line":61,"column":null}},"33":{"start":{"line":63,"column":6},"end":{"line":66,"column":null}},"34":{"start":{"line":64,"column":8},"end":{"line":64,"column":null}},"35":{"start":{"line":65,"column":8},"end":{"line":65,"column":null}},"36":{"start":{"line":70,"column":2},"end":{"line":70,"column":null}}},"fnMap":{"0":{"name":"createThrottledProgress","decl":{"start":{"line":16,"column":16},"end":{"line":16,"column":null}},"loc":{"start":{"line":19,"column":74},"end":{"line":71,"column":null}},"line":19},"1":{"name":"(anonymous_1)","decl":{"start":{"line":26,"column":8},"end":{"line":26,"column":22}},"loc":{"start":{"line":26,"column":22},"end":{"line":37,"column":null}},"line":26},"2":{"name":"(anonymous_2)","decl":{"start":{"line":39,"column":8},"end":{"line":39,"column":24}},"loc":{"start":{"line":39,"column":24},"end":{"line":47,"column":null}},"line":39},"3":{"name":"(anonymous_3)","decl":{"start":{"line":49,"column":8},"end":{"line":49,"column":20}},"loc":{"start":{"line":49,"column":51},"end":{"line":68,"column":null}},"line":49},"4":{"name":"(anonymous_4)","decl":{"start":{"line":59,"column":6},"end":{"line":59,"column":26}},"loc":{"start":{"line":59,"column":26},"end":{"line":62,"column":null}},"line":59}},"branchMap":{"0":{"loc":{"start":{"line":18,"column":2},"end":{"line":18,"column":null}},"type":"default-arg","locations":[{"start":{"line":18,"column":18},"end":{"line":18,"column":null}}],"line":18},"1":{"loc":{"start":{"line":27,"column":4},"end":{"line":27,"column":null}},"type":"if","locations":[{"start":{"line":27,"column":4},"end":{"line":27,"column":null}},{"start":{},"end":{}}],"line":27},"2":{"loc":{"start":{"line":28,"column":4},"end":{"line":30,"column":null}},"type":"if","locations":[{"start":{"line":28,"column":4},"end":{"line":30,"column":null}},{"start":{},"end":{}}],"line":28},"3":{"loc":{"start":{"line":33,"column":4},"end":{"line":36,"column":null}},"type":"if","locations":[{"start":{"line":33,"column":4},"end":{"line":36,"column":null}},{"start":{},"end":{}}],"line":33},"4":{"loc":{"start":{"line":41,"column":4},"end":{"line":44,"column":null}},"type":"if","locations":[{"start":{"line":41,"column":4},"end":{"line":44,"column":null}},{"start":{},"end":{}}],"line":41},"5":{"loc":{"start":{"line":50,"column":4},"end":{"line":50,"column":null}},"type":"if","locations":[{"start":{"line":50,"column":4},"end":{"line":50,"column":null}},{"start":{},"end":{}}],"line":50},"6":{"loc":{"start":{"line":54,"column":4},"end":{"line":67,"column":null}},"type":"if","locations":[{"start":{"line":54,"column":4},"end":{"line":67,"column":null}},{"start":{"line":57,"column":11},"end":{"line":67,"column":null}}],"line":54},"7":{"loc":{"start":{"line":63,"column":6},"end":{"line":66,"column":null}},"type":"if","locations":[{"start":{"line":63,"column":6},"end":{"line":66,"column":null}},{"start":{},"end":{}}],"line":63}},"s":{"0":9,"1":9,"2":9,"3":9,"4":9,"5":9,"6":5,"7":0,"8":5,"9":5,"10":5,"11":5,"12":5,"13":5,"14":5,"15":9,"16":9,"17":9,"18":1,"19":1,"20":9,"21":9,"22":9,"23":19,"24":1,"25":18,"26":18,"27":18,"28":11,"29":11,"30":7,"31":5,"32":5,"33":7,"34":6,"35":6,"36":9},"f":{"0":9,"1":5,"2":9,"3":19,"4":5},"b":{"0":[9],"1":[0,5],"2":[5,0],"3":[5,0],"4":[1,8],"5":[1,18],"6":[11,7],"7":[6,1]},"meta":{"lastBranch":8,"lastFunction":5,"lastStatement":37,"seen":{"f:16:16:16:Infinity":0,"b:18:18:18:Infinity":0,"s:20:21:20:Infinity":0,"s:21:41:21:Infinity":1,"s:22:18:22:Infinity":2,"s:23:54:23:Infinity":3,"s:24:17:24:Infinity":4,"s:26:8:37:Infinity":5,"f:26:8:26:22":1,"b:27:4:27:Infinity:undefined:undefined:undefined:undefined":1,"s:27:4:27:Infinity":6,"s:27:18:27:Infinity":7,"b:28:4:30:Infinity:undefined:undefined:undefined:undefined":2,"s:28:4:30:Infinity":8,"s:29:6:29:Infinity":9,"s:31:4:31:Infinity":10,"s:32:4:32:Infinity":11,"b:33:4:36:Infinity:undefined:undefined:undefined:undefined":3,"s:33:4:36:Infinity":12,"s:34:6:34:Infinity":13,"s:35:6:35:Infinity":14,"s:39:8:47:Infinity":15,"f:39:8:39:24":2,"s:40:4:40:Infinity":16,"b:41:4:44:Infinity:undefined:undefined:undefined:undefined":4,"s:41:4:44:Infinity":17,"s:42:6:42:Infinity":18,"s:43:6:43:Infinity":19,"s:45:4:45:Infinity":20,"s:46:4:46:Infinity":21,"s:49:8:68:Infinity":22,"f:49:8:49:20":3,"b:50:4:50:Infinity:undefined:undefined:undefined:undefined":5,"s:50:4:50:Infinity":23,"s:50:18:50:Infinity":24,"s:51:16:51:Infinity":25,"s:52:20:52:Infinity":26,"b:54:4:67:Infinity:57:11:67:Infinity":6,"s:54:4:67:Infinity":27,"s:55:6:55:Infinity":28,"s:56:6:56:Infinity":29,"s:59:6:62:Infinity":30,"f:59:6:59:26":4,"s:60:8:60:Infinity":31,"s:61:8:61:Infinity":32,"b:63:6:66:Infinity:undefined:undefined:undefined:undefined":7,"s:63:6:66:Infinity":33,"s:64:8:64:Infinity":34,"s:65:8:65:Infinity":35,"s:70:2:70:Infinity":36},"fnNames":{}}}
,"/home/piesp/projects/wasm-motion-converter/src/utils/type-utils.ts": {"path":"/home/piesp/projects/wasm-motion-converter/src/utils/type-utils.ts","statementMap":{"0":{"start":{"line":34,"column":2},"end":{"line":34,"column":null}}},"fnMap":{"0":{"name":"isInTuple","decl":{"start":{"line":30,"column":16},"end":{"line":30,"column":null}},"loc":{"start":{"line":33,"column":14},"end":{"line":35,"column":null}},"line":33}},"branchMap":{},"s":{"0":52},"f":{"0":52},"b":{},"meta":{"lastBranch":0,"lastFunction":1,"lastStatement":1,"seen":{"f:30:16:30:Infinity":0,"s:34:2:34:Infinity":0},"fnNames":{}}}
}
